#
# A fatal error has been detected by the Java Runtime Environment:
#
#  SIGSEGV (0xb) at pc=0x00000001074110f5, pid=22552, tid=1799
#
# JRE version: 7.0_21-b12
# Java VM: Java HotSpot(TM) 64-Bit Server VM (23.21-b01 mixed mode bsd-amd64 compressed oops)
# Problematic frame:
# V  [libjvm.dylib+0x2a40f5]
#
# Failed to write core dump. Core dumps have been disabled. To enable core dumping, try "ulimit -c unlimited" before starting Java again
#
# If you would like to submit a bug report, please visit:
#   http://bugreport.sun.com/bugreport/crash.jsp
#

---------------  T H R E A D  ---------------

Current thread (0x00007fbc4a0a6000):  JavaThread "JavaFX Application Thread" [_thread_in_vm, id=1799, stack(0x00007fff583c0000,0x00007fff58bc0000)]

siginfo:si_signo=SIGSEGV: si_errno=0, si_code=0 (SEGV0), si_addr=0x0000000000000000

Registers:
RAX=0x0000003000000018, RBX=0x0000000000000001, RCX=0x0000000000000001, RDX=0x63656c6c6f632f78
RSP=0x00007fff58bbca60, RBP=0x00007fff58bbcb80, RSI=0x00007fff58bbcc90, RDI=0x00007fbc4a0a61d8
R8 =0x00007fbc49156d90, R9 =0x00007fff58bbcc50, R10=0x000000010781b3c0, R11=0x00007fff58bbc750
R12=0x00007fbc4a0a6000, R13=0x00007fff58bbcc50, R14=0x63656c6c6f632f78, R15=0x00007fbc4a0a61d8
RIP=0x00000001074110f5, EFLAGS=0x0000000000010206, ERR=0x0000000000000000
  TRAPNO=0x000000000000000d

Top of Stack: (sp=0x00007fff58bbca60)
0x00007fff58bbca60:   00007fff58bbca90 000000058738c005
0x00007fff58bbca70:   00007fbc4a0a61d8 00007fbc49130bd0
0x00007fff58bbca80:   00007fff58bbcc50 00007fff72f75cc8
0x00007fff58bbca90:   0000000144914430 00007fff0000006f
0x00007fff58bbcaa0:   00007fbc0000000a 000000014511bba8
0x00007fff58bbcab0:   ffff804300000000 00007fbc4a1f6070
0x00007fff58bbcac0:   00007fbc4a1f6200 00007fbc491a92e0
0x00007fff58bbcad0:   0000000100000101 00007fbc491a92e0
0x00007fff58bbcae0:   00007fff58bbca90 00007fff58bbcad1
0x00007fff58bbcaf0:   0000000800000005 00007fff873a4600
0x00007fff58bbcb00:   00007fbc49148ef0 00007fbc48480ca0
0x00007fff58bbcb10:   00007fbc48480cb0 00007fbc48481088
0x00007fff58bbcb20:   000000010780f500 00007fbc49019e00
0x00007fff58bbcb30:   0000000000000003 000000000000000a
0x00007fff58bbcb40:   0000000000000000 4074400000000000
0x00007fff58bbcb50:   00007fbc49130bd8 00007fbc49156d90
0x00007fff58bbcb60:   00007fbc4a0a6000 00007fff58bbcc50
0x00007fff58bbcb70:   63656c6c6f632f78 00007fbc4a0a61d8
0x00007fff58bbcb80:   00007fff58bbcd10 00000001074050e7
0x00007fff58bbcb90:   00007fbc4a0a6000 000000014511bba8
0x00007fff58bbcba0:   0000000000000001 00007fbc49130bd0
0x00007fff58bbcbb0:   00007fff58bbcc00 0000000000000071
0x00007fff58bbcbc0:   0000000000000000 00007fbc4914cab8
0x00007fff58bbcbd0:   0000000000000007 00007fbc4a0a6000
0x00007fff58bbcbe0:   0000000000000003 000000010aec0650
0x00007fff58bbcbf0:   0000000000000001 00007fbc4a0a6001
0x00007fff58bbcc00:   00007fff58bbcc40 00000001075f47bf
0x00007fff58bbcc10:   0000000000000000 0000000000000001
0x00007fff58bbcc20:   0000000000000002 0000000000000001
0x00007fff58bbcc30:   00007fff58bbcca0 000000010740e5a1
0x00007fff58bbcc40:   00007fff58bbccb0 00007fbc4a0a6000
0x00007fff58bbcc50:   000000010781b310 00007fbc49019e00 

Instructions: (pc=0x00000001074110f5)
0x00000001074110d5:   5e 41 5f 5d c3 55 48 89 e5 41 57 41 56 41 55 41
0x00000001074110e5:   54 53 48 81 ec f8 00 00 00 89 cb 48 85 d2 74 08
0x00000001074110f5:   4c 8b 32 4d 85 f6 75 2b 4c 8d 35 ec 26 4a 00 49
0x0000000107411105:   8b 8e 30 03 00 00 48 8d 35 1f 0f 24 00 ba 45 05 

Register to memory mapping:

RAX=0x0000003000000018 is an unknown value
RBX=0x0000000000000001 is an unknown value
RCX=0x0000000000000001 is an unknown value
RDX=0x63656c6c6f632f78 is an unknown value
RSP=0x00007fff58bbca60 is pointing into the stack for thread: 0x00007fbc4a0a6000
RBP=0x00007fff58bbcb80 is pointing into the stack for thread: 0x00007fbc4a0a6000
RSI=0x00007fff58bbcc90 is pointing into the stack for thread: 0x00007fbc4a0a6000
RDI=0x00007fbc4a0a61d8 is an unknown value
R8 =0x00007fbc49156d90 is a weak global jni handle
R9 =0x00007fff58bbcc50 is pointing into the stack for thread: 0x00007fbc4a0a6000
R10=0x000000010781b3c0: jni_NativeInterface+0 in /Library/Java/JavaVirtualMachines/jdk1.7.0_21.jdk/Contents/Home/jre/lib/server/libjvm.dylib at 0x000000010716d000
R11=0x00007fff58bbc750 is pointing into the stack for thread: 0x00007fbc4a0a6000
R12=0x00007fbc4a0a6000 is a thread
R13=0x00007fff58bbcc50 is pointing into the stack for thread: 0x00007fbc4a0a6000
R14=0x63656c6c6f632f78 is an unknown value
R15=0x00007fbc4a0a61d8 is an unknown value


Stack: [0x00007fff583c0000,0x00007fff58bc0000],  sp=0x00007fff58bbca60,  free space=8178k
Native frames: (J=compiled Java code, j=interpreted, Vv=VM code, C=native code)
V  [libjvm.dylib+0x2a40f5]
V  [libjvm.dylib+0x2980e7]
C  [libglass.dylib+0x1f972]  -[GlassViewDelegate sendJavaKeyEvent:isDown:]+0x332
C  [AppKit+0x23b050]  -[NSWindow sendEvent:]+0x25d7
C  [libglass.dylib+0x23582]  -[GlassWindow_Normal sendEvent:]+0x52
C  [AppKit+0x236674]  -[NSApplication sendEvent:]+0x1681
C  [AppKit+0x14c24a]  -[NSApplication run]+0x27c
C  [libglass.dylib+0x30a9]  -[GlassApplication runLoop:]+0x309
C  [Foundation+0x92d3a]  __NSThreadPerformPerform+0xe1
C  [CoreFoundation+0x12b31]  __CFRUNLOOP_IS_CALLING_OUT_TO_A_SOURCE0_PERFORM_FUNCTION__+0x11
C  [CoreFoundation+0x12455]  __CFRunLoopDoSources0+0xf5
C  [CoreFoundation+0x357f5]  __CFRunLoopRun+0x315
C  [CoreFoundation+0x350e2]  CFRunLoopRunSpecific+0x122
C  [java+0x742d]  CreateExecutionEnvironment+0x367
C  [java+0x1bdc]  JLI_Launch+0x7a0
C  [java+0x778a]  main+0x65
C  [java+0x1434]  start+0x34


---------------  P R O C E S S  ---------------

Java Threads: ( => current thread )
  0x00007fbc49a33000 JavaThread "Smack Listener Processor (0)" daemon [_thread_blocked, id=56067, stack(0x000000016bd25000,0x000000016be25000)]
  0x00007fbc49998000 JavaThread "Smack Keepalive" daemon [_thread_blocked, id=55811, stack(0x000000016bc22000,0x000000016bd22000)]
  0x00007fbc4a1e3800 JavaThread "Smack Packet Reader (0)" daemon [_thread_in_native, id=54787, stack(0x000000016b75d000,0x000000016b85d000)]
  0x00007fbc4a1fe000 JavaThread "Smack Packet Writer (0)" daemon [_thread_blocked, id=53519, stack(0x000000016b65a000,0x000000016b75a000)]
  0x00007fbc4a1b2800 JavaThread "Prism Font Disposer" daemon [_thread_blocked, id=41987, stack(0x0000000168e15000,0x0000000168f15000)]
  0x00007fbc489a3800 JavaThread "Thread-5" daemon [_thread_in_native, id=34051, stack(0x0000000167087000,0x0000000167107000)]
=>0x00007fbc4a0a6000 JavaThread "JavaFX Application Thread" [_thread_in_vm, id=1799, stack(0x00007fff583c0000,0x00007fff58bc0000)]
  0x00007fbc4893f000 JavaThread "Thread-3" daemon [_thread_blocked, id=27139, stack(0x000000016561b000,0x000000016571b000)]
  0x00007fbc4a0a5000 JavaThread "Disposer" daemon [_thread_blocked, id=26643, stack(0x00000001654ba000,0x00000001655ba000)]
  0x00007fbc4a02e800 JavaThread "QuantumRenderer-0" daemon [_thread_blocked, id=21251, stack(0x0000000164806000,0x0000000164906000)]
  0x00007fbc4987a800 JavaThread "JavaFX-Launcher" [_thread_blocked, id=20995, stack(0x00000001646a6000,0x00000001647a6000)]
  0x00007fbc4a813800 JavaThread "traceMsgQueueThread" daemon [_thread_blocked, id=20739, stack(0x000000016456e000,0x000000016466e000)]
  0x00007fbc48828800 JavaThread "Service Thread" daemon [_thread_blocked, id=20227, stack(0x0000000164112000,0x0000000164212000)]
  0x00007fbc48828000 JavaThread "C2 CompilerThread1" daemon [_thread_blocked, id=19971, stack(0x000000016400f000,0x000000016410f000)]
  0x00007fbc48826000 JavaThread "C2 CompilerThread0" daemon [_thread_blocked, id=19715, stack(0x0000000163f0c000,0x000000016400c000)]
  0x00007fbc48825000 JavaThread "Signal Dispatcher" daemon [_thread_blocked, id=19459, stack(0x0000000163e09000,0x0000000163f09000)]
  0x00007fbc4a00f000 JavaThread "Finalizer" daemon [_thread_blocked, id=15107, stack(0x0000000163bba000,0x0000000163cba000)]
  0x00007fbc4a00e800 JavaThread "Reference Handler" daemon [_thread_blocked, id=14851, stack(0x0000000163ab7000,0x0000000163bb7000)]
  0x00007fbc49801000 JavaThread "main" [_thread_blocked, id=5891, stack(0x0000000107c17000,0x0000000107d17000)]

Other Threads:
  0x00007fbc4a00b800 VMThread [stack: 0x00000001639b4000,0x0000000163ab4000] [id=14595]
  0x00007fbc4881e800 WatcherThread [stack: 0x0000000164215000,0x0000000164315000] [id=20483]

VM state:not at safepoint (normal execution)

VM Mutex/Monitor currently owned by a thread: None

Heap
 PSYoungGen      total 23488K, used 4467K [0x0000000144770000, 0x0000000147220000, 0x000000015eac0000)
  eden space 20160K, 5% used [0x0000000144770000,0x000000014488e700,0x0000000145b20000)
  from space 3328K, 99% used [0x0000000145b20000,0x0000000145e5e848,0x0000000145e60000)
  to   space 3328K, 0% used [0x0000000146ee0000,0x0000000146ee0000,0x0000000147220000)
 ParOldGen       total 53696K, used 7437K [0x00000001100c0000, 0x0000000113530000, 0x0000000144770000)
  object space 53696K, 13% used [0x00000001100c0000,0x0000000110803648,0x0000000113530000)
 PSPermGen       total 21824K, used 21786K [0x000000010aec0000, 0x000000010c410000, 0x00000001100c0000)
  object space 21824K, 99% used [0x000000010aec0000,0x000000010c406978,0x000000010c410000)

Card table byte_map: [0x000000015eac0000,0x000000015ed5f000] byte_map_base: 0x000000015e268a00

Polling page: 0x0000000107d56000

Code Cache  [0x0000000107dec000, 0x000000010805c000, 0x000000010adec000)
 total_blobs=805 nmethods=228 adapters=529 free_code_cache=47968Kb largest_free_block=49078656

Compilation events (10 events):
Event: 29.806 Thread 0x00007fbc48826000 nmethod 229 0x0000000107ea1350 code [0x0000000107ea1480, 0x0000000107ea14f8]
Event: 29.810 Thread 0x00007fbc48828000 nmethod 228 0x0000000107f180d0 code [0x0000000107f183c0, 0x0000000107f195c0]
Event: 29.811 Thread 0x00007fbc48826000  230             com.sun.javafx.css.CompoundSelector::applies (121 bytes)
Event: 29.813 Thread 0x00007fbc48828000  231             javafx.scene.Node::getStyleClass (5 bytes)
Event: 29.813 Thread 0x00007fbc48828000 nmethod 231 0x0000000107ea3bd0 code [0x0000000107ea3d00, 0x0000000107ea3d78]
Event: 29.814 Thread 0x00007fbc48828000  232             com.sun.javafx.css.SimpleSelector::applies (76 bytes)
Event: 29.816 Thread 0x00007fbc48828000 nmethod 232 0x0000000107f11f10 code [0x0000000107f12080, 0x0000000107f12350]
Event: 29.825 Thread 0x00007fbc48828000  233             java.util.ArrayList::<init> (44 bytes)
Event: 29.826 Thread 0x00007fbc48828000 nmethod 233 0x0000000107ea3810 code [0x0000000107ea3960, 0x0000000107ea3a98]
Event: 29.831 Thread 0x00007fbc48826000 nmethod 230 0x0000000107f1b450 code [0x0000000107f1b740, 0x0000000107f1c8a0]

GC Heap History (6 events):
Event: 0.845 GC heap before
{Heap before GC invocations=1 (full 0):
 PSYoungGen      total 23488K, used 20160K [0x0000000144770000, 0x00000001461a0000, 0x000000015eac0000)
  eden space 20160K, 100% used [0x0000000144770000,0x0000000145b20000,0x0000000145b20000)
  from space 3328K, 0% used [0x0000000145e60000,0x0000000145e60000,0x00000001461a0000)
  to   space 3328K, 0% used [0x0000000145b20000,0x0000000145b20000,0x0000000145e60000)
 ParOldGen       total 53696K, used 0K [0x00000001100c0000, 0x0000000113530000, 0x0000000144770000)
  object space 53696K, 0% used [0x00000001100c0000,0x00000001100c0000,0x0000000113530000)
 PSPermGen       total 21248K, used 10606K [0x000000010aec0000, 0x000000010c380000, 0x00000001100c0000)
  object space 21248K, 49% used [0x000000010aec0000,0x000000010b91bac8,0x000000010c380000)
Event: 0.855 GC heap after
Heap after GC invocations=1 (full 0):
 PSYoungGen      total 23488K, used 3322K [0x0000000144770000, 0x0000000147550000, 0x000000015eac0000)
  eden space 20160K, 0% used [0x0000000144770000,0x0000000144770000,0x0000000145b20000)
  from space 3328K, 99% used [0x0000000145b20000,0x0000000145e5e858,0x0000000145e60000)
  to   space 3328K, 0% used [0x0000000147210000,0x0000000147210000,0x0000000147550000)
 ParOldGen       total 53696K, used 569K [0x00000001100c0000, 0x0000000113530000, 0x0000000144770000)
  object space 53696K, 1% used [0x00000001100c0000,0x000000011014e7b8,0x0000000113530000)
 PSPermGen       total 21248K, used 10606K [0x000000010aec0000, 0x000000010c380000, 0x00000001100c0000)
  object space 21248K, 49% used [0x000000010aec0000,0x000000010b91bac8,0x000000010c380000)
}
Event: 5.544 GC heap before
{Heap before GC invocations=2 (full 0):
 PSYoungGen      total 23488K, used 23482K [0x0000000144770000, 0x0000000147550000, 0x000000015eac0000)
  eden space 20160K, 100% used [0x0000000144770000,0x0000000145b20000,0x0000000145b20000)
  from space 3328K, 99% used [0x0000000145b20000,0x0000000145e5e858,0x0000000145e60000)
  to   space 3328K, 0% used [0x0000000147210000,0x0000000147210000,0x0000000147550000)
 ParOldGen       total 53696K, used 569K [0x00000001100c0000, 0x0000000113530000, 0x0000000144770000)
  object space 53696K, 1% used [0x00000001100c0000,0x000000011014e7b8,0x0000000113530000)
 PSPermGen       total 21248K, used 17359K [0x000000010aec0000, 0x000000010c380000, 0x00000001100c0000)
  object space 21248K, 81% used [0x000000010aec0000,0x000000010bfb3f98,0x000000010c380000)
Event: 5.557 GC heap after
Heap after GC invocations=2 (full 0):
 PSYoungGen      total 23488K, used 3322K [0x0000000144770000, 0x0000000147550000, 0x000000015eac0000)
  eden space 20160K, 0% used [0x0000000144770000,0x0000000144770000,0x0000000145b20000)
  from space 3328K, 99% used [0x0000000147210000,0x000000014754e848,0x0000000147550000)
  to   space 3328K, 0% used [0x0000000145b20000,0x0000000145b20000,0x0000000145e60000)
 ParOldGen       total 53696K, used 3733K [0x00000001100c0000, 0x0000000113530000, 0x0000000144770000)
  object space 53696K, 6% used [0x00000001100c0000,0x00000001104657e8,0x0000000113530000)
 PSPermGen       total 21248K, used 17359K [0x000000010aec0000, 0x000000010c380000, 0x00000001100c0000)
  object space 21248K, 81% used [0x000000010aec0000,0x000000010bfb3f98,0x000000010c380000)
}
Event: 29.777 GC heap before
{Heap before GC invocations=3 (full 0):
 PSYoungGen      total 23488K, used 23482K [0x0000000144770000, 0x0000000147550000, 0x000000015eac0000)
  eden space 20160K, 100% used [0x0000000144770000,0x0000000145b20000,0x0000000145b20000)
  from space 3328K, 99% used [0x0000000147210000,0x000000014754e848,0x0000000147550000)
  to   space 3328K, 0% used [0x0000000145b20000,0x0000000145b20000,0x0000000145e60000)
 ParOldGen       total 53696K, used 3733K [0x00000001100c0000, 0x0000000113530000, 0x0000000144770000)
  object space 53696K, 6% used [0x00000001100c0000,0x00000001104657e8,0x0000000113530000)
 PSPermGen       total 21824K, used 21709K [0x000000010aec0000, 0x000000010c410000, 0x00000001100c0000)
  object space 21824K, 99% used [0x000000010aec0000,0x000000010c3f35b8,0x000000010c410000)
Event: 29.790 GC heap after
Heap after GC invocations=3 (full 0):
 PSYoungGen      total 23488K, used 3322K [0x0000000144770000, 0x0000000147220000, 0x000000015eac0000)
  eden space 20160K, 0% used [0x0000000144770000,0x0000000144770000,0x0000000145b20000)
  from space 3328K, 99% used [0x0000000145b20000,0x0000000145e5e848,0x0000000145e60000)
  to   space 3328K, 0% used [0x0000000146ee0000,0x0000000146ee0000,0x0000000147220000)
 ParOldGen       total 53696K, used 7437K [0x00000001100c0000, 0x0000000113530000, 0x0000000144770000)
  object space 53696K, 13% used [0x00000001100c0000,0x0000000110803648,0x0000000113530000)
 PSPermGen       total 21824K, used 21709K [0x000000010aec0000, 0x000000010c410000, 0x00000001100c0000)
  object space 21824K, 99% used [0x000000010aec0000,0x000000010c3f35b8,0x000000010c410000)
}

Deoptimization events (10 events):
Event: 6.090 Thread 0x00007fbc4a0a6000 Uncommon trap -34 fr.pc 0x0000000107ec0dac
Event: 6.090 Thread 0x00007fbc4a0a6000 Uncommon trap -34 fr.pc 0x0000000107e7a188
Event: 6.090 Thread 0x00007fbc4a0a6000 Uncommon trap -34 fr.pc 0x0000000107e7a188
Event: 6.090 Thread 0x00007fbc4a0a6000 Uncommon trap -34 fr.pc 0x0000000107e7a188
Event: 6.090 Thread 0x00007fbc4a0a6000 Uncommon trap -34 fr.pc 0x0000000107e7a188
Event: 6.175 Thread 0x00007fbc4a0a6000 Uncommon trap -12 fr.pc 0x0000000107eaf220
Event: 6.207 Thread 0x00007fbc4a0a6000 Uncommon trap -34 fr.pc 0x0000000107ebd100
Event: 6.209 Thread 0x00007fbc4a0a6000 Uncommon trap -34 fr.pc 0x0000000107ebd100
Event: 6.210 Thread 0x00007fbc4a0a6000 Uncommon trap -34 fr.pc 0x0000000107ebd100
Event: 6.211 Thread 0x00007fbc4a0a6000 Uncommon trap -34 fr.pc 0x0000000107ebd100

Internal exceptions (10 events):
Event: 5.880 Thread 0x00007fbc4a0a6000 Threw 0x0000000144d81ad8 at /HUDSON/workspace/jdk7u21-2-build-macosx-amd64-product/jdk7u21/hotspot/src/share/vm/prims/jvm.cpp:1166
Event: 5.889 Thread 0x00007fbc4a0a6000 Threw 0x0000000144de93c0 at /HUDSON/workspace/jdk7u21-2-build-macosx-amd64-product/jdk7u21/hotspot/src/share/vm/prims/jvm.cpp:1166
Event: 5.889 Thread 0x00007fbc4a0a6000 Threw 0x0000000144dea618 at /HUDSON/workspace/jdk7u21-2-build-macosx-amd64-product/jdk7u21/hotspot/src/share/vm/prims/jvm.cpp:1166
Event: 5.889 Thread 0x00007fbc4a0a6000 Threw 0x0000000144deb9d8 at /HUDSON/workspace/jdk7u21-2-build-macosx-amd64-product/jdk7u21/hotspot/src/share/vm/prims/jvm.cpp:1166
Event: 5.889 Thread 0x00007fbc4a0a6000 Threw 0x0000000144ded0a8 at /HUDSON/workspace/jdk7u21-2-build-macosx-amd64-product/jdk7u21/hotspot/src/share/vm/prims/jvm.cpp:1166
Event: 5.897 Thread 0x00007fbc4a0a6000 Threw 0x0000000144e43a30 at /HUDSON/workspace/jdk7u21-2-build-macosx-amd64-product/jdk7u21/hotspot/src/share/vm/interpreter/interpr
Event: 6.069 Thread 0x00007fbc4a0a6000 Threw 0x000000014545b248 at /HUDSON/workspace/jdk7u21-2-build-macosx-amd64-product/jdk7u21/hotspot/src/share/vm/prims/jvm.cpp:1166
Event: 6.070 Thread 0x00007fbc4a0a6000 Threw 0x0000000145465f58 at /HUDSON/workspace/jdk7u21-2-build-macosx-amd64-product/jdk7u21/hotspot/src/share/vm/prims/jvm.cpp:1166
Event: 6.071 Thread 0x00007fbc4a0a6000 Threw 0x000000014546aaf8 at /HUDSON/workspace/jdk7u21-2-build-macosx-amd64-product/jdk7u21/hotspot/src/share/vm/prims/jvm.cpp:1166
Event: 6.175 Thread 0x00007fbc4a0a6000 Implicit null exception at 0x0000000107eacc9a to 0x0000000107eaf15d

Events (10 events):
Event: 29.803 loading class 0x00007fbc4bb983d0
Event: 29.803 loading class 0x00007fbc4bb983d0 done
Event: 29.803 loading class 0x00007fbc4bb98350
Event: 29.803 loading class 0x00007fbc4bb98350 done
Event: 29.803 loading class 0x00007fbc491a69a0
Event: 29.803 loading class 0x00007fbc491a69a0 done
Event: 29.805 loading class 0x00007fbc4bb97f90
Event: 29.805 loading class 0x00007fbc4bb97f90 done
Event: 29.805 loading class 0x00007fbc4bb98420
Event: 29.805 loading class 0x00007fbc4bb98420 done


Dynamic libraries:
0x00000000024e5000 	/System/Library/Frameworks/Cocoa.framework/Versions/A/Cocoa
0x00000000024e5000 	/System/Library/Frameworks/Security.framework/Versions/A/Security
0x00000000024e5000 	/System/Library/Frameworks/ApplicationServices.framework/Versions/A/ApplicationServices
0x00000000024e5000 	/usr/lib/libz.1.dylib
0x00000000024e5000 	/usr/lib/libSystem.B.dylib
0x00000000024e5000 	/usr/lib/libobjc.A.dylib
0x00000000024e5000 	/System/Library/Frameworks/CoreFoundation.framework/Versions/A/CoreFoundation
0x00000000024e5000 	/System/Library/Frameworks/AppKit.framework/Versions/C/AppKit
0x00000000024e5000 	/System/Library/Frameworks/CoreData.framework/Versions/A/CoreData
0x00000000024e5000 	/System/Library/Frameworks/Foundation.framework/Versions/C/Foundation
0x00000000024e5000 	/System/Library/PrivateFrameworks/RemoteViewServices.framework/Versions/A/RemoteViewServices
0x00000000024e5000 	/System/Library/Frameworks/AudioToolbox.framework/Versions/A/AudioToolbox
0x00000000024e5000 	/System/Library/Frameworks/AudioUnit.framework/Versions/A/AudioUnit
0x00000000024e5000 	/System/Library/PrivateFrameworks/DataDetectorsCore.framework/Versions/A/DataDetectorsCore
0x00000000024e5000 	/System/Library/PrivateFrameworks/DesktopServicesPriv.framework/Versions/A/DesktopServicesPriv
0x00000000024e5000 	/System/Library/Frameworks/Carbon.framework/Versions/A/Frameworks/HIToolbox.framework/Versions/A/HIToolbox
0x00000000024e5000 	/System/Library/Frameworks/QuartzCore.framework/Versions/A/QuartzCore
0x00000000024e5000 	/System/Library/Frameworks/Carbon.framework/Versions/A/Frameworks/SpeechRecognition.framework/Versions/A/SpeechRecognition
0x00000000024e5000 	/usr/lib/libauto.dylib
0x00000000024e5000 	/usr/lib/libicucore.A.dylib
0x00000000024e5000 	/usr/lib/libxml2.2.dylib
0x00000000024e5000 	/System/Library/PrivateFrameworks/CoreUI.framework/Versions/A/CoreUI
0x00000000024e5000 	/System/Library/Frameworks/CoreAudio.framework/Versions/A/CoreAudio
0x00000000024e5000 	/System/Library/Frameworks/DiskArbitration.framework/Versions/A/DiskArbitration
0x00000000024e5000 	/usr/lib/liblangid.dylib
0x00000000024e5000 	/System/Library/PrivateFrameworks/MultitouchSupport.framework/Versions/A/MultitouchSupport
0x00000000024e5000 	/System/Library/Frameworks/IOKit.framework/Versions/A/IOKit
0x00000000024e5000 	/usr/lib/libDiagnosticMessagesClient.dylib
0x00000000024e5000 	/System/Library/Frameworks/CoreServices.framework/Versions/A/CoreServices
0x00000000024e5000 	/System/Library/PrivateFrameworks/PerformanceAnalysis.framework/Versions/A/PerformanceAnalysis
0x00000000024e5000 	/System/Library/PrivateFrameworks/GenerationalStorage.framework/Versions/A/GenerationalStorage
0x00000000024e5000 	/System/Library/Frameworks/OpenGL.framework/Versions/A/OpenGL
0x00000000024e5000 	/System/Library/Frameworks/CoreText.framework/Versions/A/CoreText
0x00000000024e5000 	/System/Library/Frameworks/ImageIO.framework/Versions/A/ImageIO
0x00000000024e5000 	/System/Library/PrivateFrameworks/Backup.framework/Versions/A/Backup
0x00000000024e5000 	/System/Library/Frameworks/CFNetwork.framework/Versions/A/CFNetwork
0x00000000024e5000 	/System/Library/Frameworks/SystemConfiguration.framework/Versions/A/SystemConfiguration
0x00000000024e5000 	/usr/lib/libCRFSuite.dylib
0x00000000024e5000 	/System/Library/PrivateFrameworks/TCC.framework/Versions/A/TCC
0x00000000024e5000 	/usr/lib/libc++.1.dylib
0x00000000024e5000 	/usr/lib/libc++abi.dylib
0x00000000024e5000 	/usr/lib/system/libcache.dylib
0x00000000024e5000 	/usr/lib/system/libcommonCrypto.dylib
0x00000000024e5000 	/usr/lib/system/libcompiler_rt.dylib
0x00000000024e5000 	/usr/lib/system/libcopyfile.dylib
0x00000000024e5000 	/usr/lib/system/libdispatch.dylib
0x00000000024e5000 	/usr/lib/system/libdnsinfo.dylib
0x00000000024e5000 	/usr/lib/system/libdyld.dylib
0x00000000024e5000 	/usr/lib/system/libkeymgr.dylib
0x00000000024e5000 	/usr/lib/system/liblaunch.dylib
0x00000000024e5000 	/usr/lib/system/libmacho.dylib
0x00000000024e5000 	/usr/lib/system/libquarantine.dylib
0x00000000024e5000 	/usr/lib/system/libremovefile.dylib
0x00000000024e5000 	/usr/lib/system/libsystem_blocks.dylib
0x00000000024e5000 	/usr/lib/system/libsystem_c.dylib
0x00000000024e5000 	/usr/lib/system/libsystem_dnssd.dylib
0x00000000024e5000 	/usr/lib/system/libsystem_info.dylib
0x00000000024e5000 	/usr/lib/system/libsystem_kernel.dylib
0x00000000024e5000 	/usr/lib/system/libsystem_m.dylib
0x00000000024e5000 	/usr/lib/system/libsystem_network.dylib
0x00000000024e5000 	/usr/lib/system/libsystem_notify.dylib
0x00000000024e5000 	/usr/lib/system/libsystem_sandbox.dylib
0x00000000024e5000 	/usr/lib/system/libunc.dylib
0x00000000024e5000 	/usr/lib/system/libunwind.dylib
0x00000000024e5000 	/usr/lib/system/libxpc.dylib
0x00000000024e5000 	/usr/lib/system/libcorecrypto.dylib
0x00000000024e5000 	/usr/lib/libstdc++.6.dylib
0x00000000024e5000 	/usr/lib/libbsm.0.dylib
0x00000000024e5000 	/usr/lib/libsqlite3.dylib
0x00000000024e5000 	/usr/lib/libxar.1.dylib
0x00000000024e5000 	/usr/lib/libpam.2.dylib
0x00000000024e5000 	/usr/lib/libOpenScriptingUtil.dylib
0x00000000024e5000 	/usr/lib/libbz2.1.0.dylib
0x00000000024e5000 	/System/Library/Frameworks/CoreServices.framework/Versions/A/Frameworks/CarbonCore.framework/Versions/A/CarbonCore
0x00000000024e5000 	/System/Library/Frameworks/CoreServices.framework/Versions/A/Frameworks/Metadata.framework/Versions/A/Metadata
0x00000000024e5000 	/System/Library/Frameworks/CoreServices.framework/Versions/A/Frameworks/OSServices.framework/Versions/A/OSServices
0x00000000024e5000 	/System/Library/Frameworks/CoreServices.framework/Versions/A/Frameworks/SearchKit.framework/Versions/A/SearchKit
0x00000000024e5000 	/System/Library/Frameworks/CoreServices.framework/Versions/A/Frameworks/AE.framework/Versions/A/AE
0x00000000024e5000 	/System/Library/Frameworks/CoreServices.framework/Versions/A/Frameworks/LaunchServices.framework/Versions/A/LaunchServices
0x00000000024e5000 	/System/Library/Frameworks/CoreServices.framework/Versions/A/Frameworks/DictionaryServices.framework/Versions/A/DictionaryServices
0x00000000024e5000 	/System/Library/Frameworks/NetFS.framework/Versions/A/NetFS
0x00000000024e5000 	/usr/lib/system/libkxld.dylib
0x00000000024e5000 	/System/Library/PrivateFrameworks/NetAuth.framework/Versions/A/NetAuth
0x00000000024e5000 	/System/Library/Frameworks/OpenDirectory.framework/Versions/A/Frameworks/CFOpenDirectory.framework/Versions/A/CFOpenDirectory
0x00000000024e5000 	/usr/lib/libxslt.1.dylib
0x00000000024e5000 	/System/Library/PrivateFrameworks/FamilyControls.framework/Versions/A/FamilyControls
0x00000000024e5000 	/System/Library/Frameworks/Carbon.framework/Versions/A/Frameworks/Ink.framework/Versions/A/Ink
0x00000000024e5000 	/System/Library/Frameworks/ApplicationServices.framework/Versions/A/Frameworks/CoreGraphics.framework/Versions/A/CoreGraphics
0x00000000024e5000 	/System/Library/Frameworks/ApplicationServices.framework/Versions/A/Frameworks/ATS.framework/Versions/A/ATS
0x00000000024e5000 	/System/Library/Frameworks/ApplicationServices.framework/Versions/A/Frameworks/ColorSync.framework/Versions/A/ColorSync
0x00000000024e5000 	/System/Library/Frameworks/ApplicationServices.framework/Versions/A/Frameworks/HIServices.framework/Versions/A/HIServices
0x00000000024e5000 	/System/Library/Frameworks/ApplicationServices.framework/Versions/A/Frameworks/LangAnalysis.framework/Versions/A/LangAnalysis
0x00000000024e5000 	/System/Library/Frameworks/ApplicationServices.framework/Versions/A/Frameworks/PrintCore.framework/Versions/A/PrintCore
0x00000000024e5000 	/System/Library/Frameworks/ApplicationServices.framework/Versions/A/Frameworks/QD.framework/Versions/A/QD
0x00000000024e5000 	/System/Library/Frameworks/ApplicationServices.framework/Versions/A/Frameworks/SpeechSynthesis.framework/Versions/A/SpeechSynthesis
0x00000000024e5000 	/System/Library/Frameworks/IOSurface.framework/Versions/A/IOSurface
0x00000000024e5000 	/System/Library/Frameworks/Accelerate.framework/Versions/A/Accelerate
0x00000000024e5000 	/System/Library/Frameworks/ApplicationServices.framework/Versions/A/Frameworks/ATS.framework/Versions/A/Resources/libFontParser.dylib
0x00000000024e5000 	/System/Library/Frameworks/ApplicationServices.framework/Versions/A/Frameworks/ATS.framework/Versions/A/Resources/libFontRegistry.dylib
0x00000000024e5000 	/System/Library/Frameworks/Accelerate.framework/Versions/A/Frameworks/vImage.framework/Versions/A/vImage
0x00000000024e5000 	/System/Library/Frameworks/Accelerate.framework/Versions/A/Frameworks/vecLib.framework/Versions/A/vecLib
0x00000000024e5000 	/System/Library/Frameworks/Accelerate.framework/Versions/A/Frameworks/vecLib.framework/Versions/A/libvDSP.dylib
0x00000000024e5000 	/System/Library/Frameworks/Accelerate.framework/Versions/A/Frameworks/vecLib.framework/Versions/A/libvMisc.dylib
0x00000000024e5000 	/System/Library/Frameworks/Accelerate.framework/Versions/A/Frameworks/vecLib.framework/Versions/A/libLAPACK.dylib
0x00000000024e5000 	/System/Library/Frameworks/Accelerate.framework/Versions/A/Frameworks/vecLib.framework/Versions/A/libBLAS.dylib
0x00000000024e5000 	/System/Library/Frameworks/ImageIO.framework/Versions/A/Resources/libJPEG.dylib
0x00000000024e5000 	/System/Library/Frameworks/ImageIO.framework/Versions/A/Resources/libTIFF.dylib
0x00000000024e5000 	/System/Library/Frameworks/ImageIO.framework/Versions/A/Resources/libPng.dylib
0x00000000024e5000 	/System/Library/Frameworks/ImageIO.framework/Versions/A/Resources/libGIF.dylib
0x00000000024e5000 	/System/Library/Frameworks/ImageIO.framework/Versions/A/Resources/libJP2.dylib
0x00000000024e5000 	/System/Library/Frameworks/ImageIO.framework/Versions/A/Resources/libRadiance.dylib
0x00000000024e5000 	/usr/lib/libcups.2.dylib
0x00000000024e5000 	/System/Library/Frameworks/Kerberos.framework/Versions/A/Kerberos
0x00000000024e5000 	/System/Library/Frameworks/GSS.framework/Versions/A/GSS
0x00000000024e5000 	/usr/lib/libresolv.9.dylib
0x00000000024e5000 	/usr/lib/libiconv.2.dylib
0x00000000024e5000 	/System/Library/PrivateFrameworks/Heimdal.framework/Versions/A/Heimdal
0x00000000024e5000 	/System/Library/PrivateFrameworks/TrustEvaluationAgent.framework/Versions/A/TrustEvaluationAgent
0x00000000024e5000 	/System/Library/Frameworks/OpenDirectory.framework/Versions/A/OpenDirectory
0x00000000024e5000 	/System/Library/PrivateFrameworks/CommonAuth.framework/Versions/A/CommonAuth
0x00000000024e5000 	/System/Library/PrivateFrameworks/Bom.framework/Versions/A/Bom
0x00000000024e5000 	/System/Library/Frameworks/CoreVideo.framework/Versions/A/CoreVideo
0x00000000024e5000 	/System/Library/Frameworks/QuartzCore.framework/Versions/A/Frameworks/CoreImage.framework/Versions/A/CoreImage
0x00000000024e5000 	/System/Library/Frameworks/QuartzCore.framework/Versions/A/Frameworks/ScalableUserInterface.framework/Versions/A/ScalableUserInterface
0x00000000024e5000 	/System/Library/Frameworks/OpenGL.framework/Versions/A/Libraries/libGLU.dylib
0x00000000024e5000 	/System/Library/Frameworks/OpenGL.framework/Versions/A/Libraries/libGFXShared.dylib
0x00000000024e5000 	/System/Library/Frameworks/OpenGL.framework/Versions/A/Libraries/libGL.dylib
0x00000000024e5000 	/System/Library/Frameworks/OpenGL.framework/Versions/A/Libraries/libGLImage.dylib
0x00000000024e5000 	/System/Library/Frameworks/OpenGL.framework/Versions/A/Libraries/libCVMSPluginSupport.dylib
0x00000000024e5000 	/System/Library/Frameworks/OpenGL.framework/Versions/A/Libraries/libCoreVMClient.dylib
0x00000000024e5000 	/System/Library/PrivateFrameworks/CrashReporterSupport.framework/Versions/A/CrashReporterSupport
0x00000000024e5000 	/System/Library/Frameworks/OpenCL.framework/Versions/A/OpenCL
0x00000000024e5000 	/System/Library/PrivateFrameworks/FaceCoreLight.framework/Versions/A/FaceCoreLight
0x00000000024e5000 	/System/Library/PrivateFrameworks/AppleFSCompression.framework/Versions/A/AppleFSCompression
0x00000000024e5000 	/System/Library/PrivateFrameworks/Ubiquity.framework/Versions/A/Ubiquity
0x00000000024e5000 	/System/Library/Frameworks/ServiceManagement.framework/Versions/A/ServiceManagement
0x00000000024e5000 	/System/Library/PrivateFrameworks/ChunkingLibrary.framework/Versions/A/ChunkingLibrary
0x00000000024e5000 	/System/Library/Frameworks/vecLib.framework/Versions/A/vecLib
0x00000000024e5000 	/System/Library/Frameworks/SecurityFoundation.framework/Versions/A/SecurityFoundation
0x00000000024e5000 	/System/Library/PrivateFrameworks/CommerceKit.framework/Versions/A/Frameworks/CommerceCore.framework/Versions/A/CommerceCore
0x00000000024e5000 	/System/Library/PrivateFrameworks/CoreSymbolication.framework/Versions/A/CoreSymbolication
0x00000000024e5000 	/System/Library/PrivateFrameworks/Symbolication.framework/Versions/A/Symbolication
0x00000000024e5000 	/System/Library/PrivateFrameworks/DebugSymbols.framework/Versions/A/DebugSymbols
0x000000010716d000 	/Library/Java/JavaVirtualMachines/jdk1.7.0_21.jdk/Contents/Home/jre/lib/server/libjvm.dylib
0x0000000107d19000 	/Library/Java/JavaVirtualMachines/jdk1.7.0_21.jdk/Contents/Home/jre/lib/libverify.dylib
0x0000000107d26000 	/Library/Java/JavaVirtualMachines/jdk1.7.0_21.jdk/Contents/Home/jre/lib/libjava.dylib
0x0000000107de3000 	/Library/Java/JavaVirtualMachines/jdk1.7.0_21.jdk/Contents/Home/jre/lib/libzip.dylib
0x0000000163cbc000 	/System/Library/Frameworks/JavaVM.framework/Frameworks/JavaRuntimeSupport.framework/JavaRuntimeSupport
0x0000000163cd4000 	/System/Library/Frameworks/JavaVM.framework/Versions/A/Frameworks/JavaNativeFoundation.framework/Versions/A/JavaNativeFoundation
0x0000000163ce9000 	/System/Library/Frameworks/JavaVM.framework/Versions/A/JavaVM
0x00000000024e5000 	/System/Library/Frameworks/Carbon.framework/Versions/A/Carbon
0x0000000163cf6000 	/System/Library/PrivateFrameworks/JavaLaunching.framework/Versions/A/JavaLaunching
0x00000000024e5000 	/System/Library/Frameworks/Carbon.framework/Versions/A/Frameworks/CommonPanels.framework/Versions/A/CommonPanels
0x00000000024e5000 	/System/Library/Frameworks/Carbon.framework/Versions/A/Frameworks/Help.framework/Versions/A/Help
0x00000000024e5000 	/System/Library/Frameworks/Carbon.framework/Versions/A/Frameworks/ImageCapture.framework/Versions/A/ImageCapture
0x00000000024e5000 	/System/Library/Frameworks/Carbon.framework/Versions/A/Frameworks/OpenScripting.framework/Versions/A/OpenScripting
0x00000000024e5000 	/System/Library/Frameworks/Carbon.framework/Versions/A/Frameworks/Print.framework/Versions/A/Print
0x00000000024e5000 	/System/Library/Frameworks/Carbon.framework/Versions/A/Frameworks/SecurityHI.framework/Versions/A/SecurityHI
0x0000000164670000 	/Library/Java/JavaVirtualMachines/jdk1.7.0_21.jdk/Contents/Home/jre/lib/libdeploy.dylib
0x0000000164696000 	/Library/Java/JavaVirtualMachines/jdk1.7.0_21.jdk/Contents/Home/jre/lib/jli/./libjli.dylib
0x0000000164908000 	/Library/Java/JavaVirtualMachines/jdk1.7.0_21.jdk/Contents/Home/jre/lib/libprism-es2.dylib
0x0000000164975000 	/System/Library/Frameworks/OpenGL.framework/Resources/GLEngine.bundle/GLEngine
0x0000000164b6a000 	/System/Library/Frameworks/OpenGL.framework/Versions/A/Libraries/libGLProgrammability.dylib
0x0000000164d12000 	/System/Library/Extensions/AppleIntelHD3000GraphicsGLDriver.bundle/Contents/MacOS/AppleIntelHD3000GraphicsGLDriver
0x00000001651fe000 	/System/Library/PrivateFrameworks/GPUSupport.framework/Versions/A/Libraries/libGPUSupport.dylib
0x0000000165212000 	/System/Library/Frameworks/OpenGL.framework/Resources//GLRendererFloat.bundle/GLRendererFloat
0x0000000165246000 	/System/Library/Frameworks/OpenCL.framework/Versions/A/Libraries/libcldcpuengine.dylib
0x00000000024e5000 	/System/Library/PrivateFrameworks/DiskImages.framework/Versions/A/DiskImages
0x00000000024e5000 	/System/Library/Frameworks/DiscRecording.framework/Versions/A/DiscRecording
0x00000000024e5000 	/usr/lib/libcurl.4.dylib
0x00000000024e5000 	/System/Library/PrivateFrameworks/MediaKit.framework/Versions/A/MediaKit
0x00000000024e5000 	/usr/lib/libssl.0.9.8.dylib
0x00000000024e5000 	/usr/lib/libcrypto.0.9.8.dylib
0x00000000024e5000 	/System/Library/Frameworks/LDAP.framework/Versions/A/LDAP
0x00000000024e5000 	/usr/lib/libsasl2.2.dylib
0x00000001655bc000 	/Library/Java/JavaVirtualMachines/jdk1.7.0_21.jdk/Contents/Home/jre/lib/libglass.dylib
0x00000000024e5000 	/System/Library/PrivateFrameworks/CoreServicesInternal.framework/Versions/A/CoreServicesInternal
0x00000000024e5000 	/System/Library/PrivateFrameworks/Librarian.framework/Versions/A/Librarian
0x00000000024e5000 	/System/Library/CoreServices/RawCamera.bundle/Contents/MacOS/RawCamera
0x00000000024e5000 	/System/Library/Frameworks/ApplicationServices.framework/Versions/A/Frameworks/CoreGraphics.framework/Versions/A/Resources/libCSync.A.dylib
0x00000000024e5000 	/System/Library/Frameworks/ApplicationServices.framework/Versions/A/Frameworks/CoreGraphics.framework/Versions/A/Resources/libRIP.A.dylib
0x0000000168db9000 	/Library/Java/JavaVirtualMachines/jdk1.7.0_21.jdk/Contents/Home/jre/lib/libjavafx-font.dylib
0x00000000024e5000 	/System/Library/Frameworks/ApplicationServices.framework/Versions/A/Frameworks/CoreGraphics.framework/Versions/A/Resources/libCGXType.A.dylib
0x0000000166e80000 	cl_kernels
0x0000000169b2e000 	/System/Library/Frameworks/OpenCL.framework/Versions/A/Libraries/ImageFormats/unorm8_bgra.dylib
0x0000000166eb0000 	cl_kernels
0x00000001643b7000 	/Library/Java/JavaVirtualMachines/jdk1.7.0_21.jdk/Contents/Home/jre/lib/libnet.dylib
0x0000000164417000 	/Library/Java/JavaVirtualMachines/jdk1.7.0_21.jdk/Contents/Home/jre/lib/libsunec.dylib
0x0000000164514000 	/Library/Java/JavaVirtualMachines/jdk1.7.0_21.jdk/Contents/Home/jre/lib/libnio.dylib

VM Arguments:
jvm_args: -Dfile.encoding=UTF-8 
java_command: com.javafx.main.Main
Launcher Type: SUN_STANDARD

Environment Variables:
PATH=/usr/bin:/bin:/usr/sbin:/sbin
LD_LIBRARY_PATH=/Library/Java/JavaVirtualMachines/jdk1.7.0_21.jdk/Contents/Home/jre/lib/amd64:/Library/Java/JavaVirtualMachines/jdk1.7.0_21.jdk/Contents/Home/jre/lib/i386:
SHELL=/bin/zsh
DISPLAY=/tmp/launch-yflGLy/org.macosforge.xquartz:0

Signal Handlers:
SIGSEGV: [libjvm.dylib+0x4a4e2d], sa_mask[0]=0xfffefeff, sa_flags=0x00000042
SIGBUS: [libjvm.dylib+0x4a4e2d], sa_mask[0]=0xfffefeff, sa_flags=0x00000042
SIGFPE: [libjvm.dylib+0x3b4729], sa_mask[0]=0xfffefeff, sa_flags=0x00000042
SIGPIPE: [libjvm.dylib+0x3b4729], sa_mask[0]=0xfffefeff, sa_flags=0x00000042
SIGXFSZ: [libjvm.dylib+0x3b4729], sa_mask[0]=0xfffefeff, sa_flags=0x00000042
SIGILL: [libjvm.dylib+0x3b4729], sa_mask[0]=0xfffefeff, sa_flags=0x00000042
SIGUSR1: SIG_DFL, sa_mask[0]=0x00000000, sa_flags=0x00000002
SIGUSR2: [libjvm.dylib+0x3b42c2], sa_mask[0]=0x00000004, sa_flags=0x00000042
SIGHUP: [libjvm.dylib+0x3b2523], sa_mask[0]=0xfffefeff, sa_flags=0x00000042
SIGINT: SIG_IGN, sa_mask[0]=0x00000000, sa_flags=0x00000000
SIGTERM: [libjvm.dylib+0x3b2523], sa_mask[0]=0xfffefeff, sa_flags=0x00000042
SIGQUIT: [libjvm.dylib+0x3b2523], sa_mask[0]=0xfffefeff, sa_flags=0x00000042


---------------  S Y S T E M  ---------------

OS:Bsduname:Darwin 12.3.0 Darwin Kernel Version 12.3.0: Sun Jan  6 22:37:10 PST 2013; root:xnu-2050.22.13~1/RELEASE_X86_64 x86_64
rlimit: STACK 8192k, CORE 0k, NPROC 709, NOFILE 10240, AS infinity
load average:1.83 1.59 1.54

CPU:total 4 (2 cores per cpu, 2 threads per core) family 6 model 42 stepping 7, cmov, cx8, fxsr, mmx, sse, sse2, sse3, ssse3, sse4.1, sse4.2, popcnt, avx, ht, tsc, tscinvbit

Memory: 4k page, physical 5151820k(1287955k free)

/proc/meminfo:


vm_info: Java HotSpot(TM) 64-Bit Server VM (23.21-b01) for bsd-amd64 JRE (1.7.0_21-b12), built on Apr  7 2013 14:55:50 by "java_re" with gcc 4.2.1 (Based on Apple Inc. build 5658) (LLVM build 2336.11.00)

time: Wed Jun  5 16:09:44 2013
elapsed time: 29 seconds

