#
# A fatal error has been detected by the Java Runtime Environment:
#
#  SIGSEGV (0xb) at pc=0x00000001089450f5, pid=23070, tid=1799
#
# JRE version: 7.0_21-b12
# Java VM: Java HotSpot(TM) 64-Bit Server VM (23.21-b01 mixed mode bsd-amd64 compressed oops)
# Problematic frame:
# V  [libjvm.dylib+0x2a40f5]
#
# Failed to write core dump. Core dumps have been disabled. To enable core dumping, try "ulimit -c unlimited" before starting Java again
#
# If you would like to submit a bug report, please visit:
#   http://bugreport.sun.com/bugreport/crash.jsp
#

---------------  T H R E A D  ---------------

Current thread (0x00007fa952947800):  JavaThread "JavaFX Application Thread" [_thread_in_vm, id=1799, stack(0x00007fff56e8c000,0x00007fff5768c000)]

siginfo:si_signo=SIGSEGV: si_errno=0, si_code=1 (SEGV_MAPERR), si_addr=0xffffffff89abcdef

Registers:
RAX=0x0000003000000018, RBX=0x0000000000000001, RCX=0x0000000000000001, RDX=0xffffffff89abcdef
RSP=0x00007fff57688a60, RBP=0x00007fff57688b80, RSI=0x00007fff57688c90, RDI=0x00007fa9529479d8
R8 =0x00007fa951462380, R9 =0x00007fff57688c50, R10=0x0000000108d4f3c0, R11=0x00007fff57688750
R12=0x00007fa952947800, R13=0x00007fff57688c50, R14=0xffffffff89abcdef, R15=0x00007fa9529479d8
RIP=0x00000001089450f5, EFLAGS=0x0000000000010282, ERR=0x0000000000000004
  TRAPNO=0x000000000000000e

Top of Stack: (sp=0x00007fff57688a60)
0x00007fff57688a60:   00007fff57688a90 000000058738c005
0x00007fff57688a70:   00007fa9529479d8 00007fa951459610
0x00007fff57688a80:   00007fff57688c50 00007fff72f75c08
0x00007fff57688a90:   0000000145cc7aa8 00007fff0000006f
0x00007fff57688aa0:   00007fa90000000a 00000001465379d0
0x00007fff57688ab0:   ffff805600000000 00007fa951afdb40
0x00007fff57688ac0:   00007fa951afdc00 00007fa9511974e0
0x00007fff57688ad0:   0000000100000101 00007fa9511974e0
0x00007fff57688ae0:   00007fff57688a90 00007fff57688ad1
0x00007fff57688af0:   0000000800000005 00007fff873a4600
0x00007fff57688b00:   00007fa95145aa70 00007fa950426160
0x00007fff57688b10:   00007fa950426170 00007fa950426548
0x00007fff57688b20:   0000000108d43500 00007fa95110b280
0x00007fff57688b30:   0000000000000003 000000000000000a
0x00007fff57688b40:   0000000000000000 407b700000000000
0x00007fff57688b50:   00007fa951459618 00007fa951462380
0x00007fff57688b60:   00007fa952947800 00007fff57688c50
0x00007fff57688b70:   ffffffff89abcdef 00007fa9529479d8
0x00007fff57688b80:   00007fff57688d10 00000001089390e7
0x00007fff57688b90:   00007fa952947800 00000001465379d0
0x00007fff57688ba0:   0000000000000001 00007fa951459610
0x00007fff57688bb0:   00007fff57688c00 0000000000000071
0x00007fff57688bc0:   0000000000000000 00007fa95145baa8
0x00007fff57688bd0:   0000000000000007 00007fa952947800
0x00007fff57688be0:   0000000000000003 000000010c3f0650
0x00007fff57688bf0:   0000000000000001 00007fa952947801
0x00007fff57688c00:   00007fff57688c40 0000000108b287bf
0x00007fff57688c10:   0000000000000000 0000000000000001
0x00007fff57688c20:   0000000000000002 0000000000000001
0x00007fff57688c30:   00007fff57688ca0 00000001089425a1
0x00007fff57688c40:   00007fff57688cb0 00007fa952947800
0x00007fff57688c50:   0000000108d4f310 00007fa95110b280 

Instructions: (pc=0x00000001089450f5)
0x00000001089450d5:   5e 41 5f 5d c3 55 48 89 e5 41 57 41 56 41 55 41
0x00000001089450e5:   54 53 48 81 ec f8 00 00 00 89 cb 48 85 d2 74 08
0x00000001089450f5:   4c 8b 32 4d 85 f6 75 2b 4c 8d 35 ec 26 4a 00 49
0x0000000108945105:   8b 8e 30 03 00 00 48 8d 35 1f 0f 24 00 ba 45 05 

Register to memory mapping:

RAX=0x0000003000000018 is an unknown value
RBX=0x0000000000000001 is an unknown value
RCX=0x0000000000000001 is an unknown value
RDX=0xffffffff89abcdef is an unknown value
RSP=0x00007fff57688a60 is pointing into the stack for thread: 0x00007fa952947800
RBP=0x00007fff57688b80 is pointing into the stack for thread: 0x00007fa952947800
RSI=0x00007fff57688c90 is pointing into the stack for thread: 0x00007fa952947800
RDI=0x00007fa9529479d8 is an unknown value
R8 =0x00007fa951462380 is a weak global jni handle
R9 =0x00007fff57688c50 is pointing into the stack for thread: 0x00007fa952947800
R10=0x0000000108d4f3c0: jni_NativeInterface+0 in /Library/Java/JavaVirtualMachines/jdk1.7.0_21.jdk/Contents/Home/jre/lib/server/libjvm.dylib at 0x00000001086a1000
R11=0x00007fff57688750 is pointing into the stack for thread: 0x00007fa952947800
R12=0x00007fa952947800 is a thread
R13=0x00007fff57688c50 is pointing into the stack for thread: 0x00007fa952947800
R14=0xffffffff89abcdef is an unknown value
R15=0x00007fa9529479d8 is an unknown value


Stack: [0x00007fff56e8c000,0x00007fff5768c000],  sp=0x00007fff57688a60,  free space=8178k
Native frames: (J=compiled Java code, j=interpreted, Vv=VM code, C=native code)
V  [libjvm.dylib+0x2a40f5]
V  [libjvm.dylib+0x2980e7]
C  [libglass.dylib+0x1f972]  -[GlassViewDelegate sendJavaKeyEvent:isDown:]+0x332
C  [AppKit+0x23b050]  -[NSWindow sendEvent:]+0x25d7
C  [libglass.dylib+0x23582]  -[GlassWindow_Normal sendEvent:]+0x52
C  [AppKit+0x236674]  -[NSApplication sendEvent:]+0x1681
C  [AppKit+0x14c24a]  -[NSApplication run]+0x27c
C  [libglass.dylib+0x30a9]  -[GlassApplication runLoop:]+0x309
C  [Foundation+0x92d3a]  __NSThreadPerformPerform+0xe1
C  [CoreFoundation+0x12b31]  __CFRUNLOOP_IS_CALLING_OUT_TO_A_SOURCE0_PERFORM_FUNCTION__+0x11
C  [CoreFoundation+0x12455]  __CFRunLoopDoSources0+0xf5
C  [CoreFoundation+0x357f5]  __CFRunLoopRun+0x315
C  [CoreFoundation+0x350e2]  CFRunLoopRunSpecific+0x122
C  [java+0x742d]  CreateExecutionEnvironment+0x367
C  [java+0x1bdc]  JLI_Launch+0x7a0
C  [java+0x778a]  main+0x65
C  [java+0x1434]  start+0x34


---------------  P R O C E S S  ---------------

Java Threads: ( => current thread )
  0x00007fa950a80000 JavaThread "Smack Listener Processor (0)" daemon [_thread_blocked, id=55043, stack(0x000000016cf7c000,0x000000016d07c000)]
  0x00007fa950812000 JavaThread "Smack Keepalive" daemon [_thread_blocked, id=54787, stack(0x000000016ce79000,0x000000016cf79000)]
  0x00007fa950a50800 JavaThread "Smack Packet Reader (0)" daemon [_thread_in_native, id=54531, stack(0x000000016cd0a000,0x000000016ce0a000)]
  0x00007fa950a50000 JavaThread "Smack Packet Writer (0)" daemon [_thread_blocked, id=53519, stack(0x000000016cc07000,0x000000016cd07000)]
  0x00007fa9509e8800 JavaThread "Prism Font Disposer" daemon [_thread_blocked, id=41731, stack(0x000000016a2c3000,0x000000016a3c3000)]
  0x00007fa9509cf000 JavaThread "Thread-5" daemon [_thread_in_native, id=34051, stack(0x00000001685b8000,0x0000000168638000)]
=>0x00007fa952947800 JavaThread "JavaFX Application Thread" [_thread_in_vm, id=1799, stack(0x00007fff56e8c000,0x00007fff5768c000)]
  0x00007fa9508b8000 JavaThread "Thread-3" daemon [_thread_blocked, id=27395, stack(0x0000000166b4d000,0x0000000166c4d000)]
  0x00007fa952154800 JavaThread "Disposer" daemon [_thread_blocked, id=27155, stack(0x00000001669ec000,0x0000000166aec000)]
  0x00007fa9518f9000 JavaThread "QuantumRenderer-0" daemon [_thread_blocked, id=21507, stack(0x0000000165dbb000,0x0000000165ebb000)]
  0x00007fa952889800 JavaThread "JavaFX-Launcher" [_thread_blocked, id=21251, stack(0x0000000165c5d000,0x0000000165d5d000)]
  0x00007fa9520c0800 JavaThread "traceMsgQueueThread" daemon [_thread_blocked, id=20995, stack(0x0000000165b25000,0x0000000165c25000)]
  0x00007fa95202c800 JavaThread "Service Thread" daemon [_thread_blocked, id=20483, stack(0x00000001656c8000,0x00000001657c8000)]
  0x00007fa95202b800 JavaThread "C2 CompilerThread1" daemon [_thread_in_native, id=20227, stack(0x00000001655c5000,0x00000001656c5000)]
  0x00007fa95202a000 JavaThread "C2 CompilerThread0" daemon [_thread_blocked, id=19971, stack(0x00000001654c2000,0x00000001655c2000)]
  0x00007fa952023000 JavaThread "Signal Dispatcher" daemon [_thread_blocked, id=19715, stack(0x00000001653bf000,0x00000001654bf000)]
  0x00007fa952007000 JavaThread "Finalizer" daemon [_thread_blocked, id=15107, stack(0x00000001650eb000,0x00000001651eb000)]
  0x00007fa952006000 JavaThread "Reference Handler" daemon [_thread_blocked, id=14851, stack(0x0000000164fe8000,0x00000001650e8000)]
  0x00007fa95080e000 JavaThread "main" [_thread_blocked, id=5891, stack(0x000000010914b000,0x000000010924b000)]

Other Threads:
  0x00007fa95280a800 VMThread [stack: 0x0000000164ee5000,0x0000000164fe5000] [id=14595]
  0x00007fa952013800 WatcherThread [stack: 0x00000001657cb000,0x00000001658cb000] [id=20739]

VM state:not at safepoint (normal execution)

VM Mutex/Monitor currently owned by a thread: None

Heap
 PSYoungGen      total 23488K, used 13395K [0x0000000145ca0000, 0x00000001476d0000, 0x000000015fff0000)
  eden space 20160K, 50% used [0x0000000145ca0000,0x000000014667be08,0x0000000147050000)
  from space 3328K, 99% used [0x0000000147050000,0x00000001473890e0,0x0000000147390000)
  to   space 3328K, 0% used [0x0000000147390000,0x0000000147390000,0x00000001476d0000)
 ParOldGen       total 53632K, used 6570K [0x00000001115f0000, 0x0000000114a50000, 0x0000000145ca0000)
  object space 53632K, 12% used [0x00000001115f0000,0x0000000111c5aa80,0x0000000114a50000)
 PSPermGen       total 22592K, used 22445K [0x000000010c3f0000, 0x000000010da00000, 0x00000001115f0000)
  object space 22592K, 99% used [0x000000010c3f0000,0x000000010d9db5d0,0x000000010da00000)

Card table byte_map: [0x000000015fff0000,0x000000016028f000] byte_map_base: 0x000000015f78e080

Polling page: 0x000000010928a000

Code Cache  [0x0000000109320000, 0x0000000109590000, 0x000000010c320000)
 total_blobs=974 nmethods=393 adapters=533 free_code_cache=47680Kb largest_free_block=48785408

Compilation events (10 events):
Event: 73.019 Thread 0x00007fa95202a000 nmethod 403 0x0000000109486410 code [0x0000000109486560, 0x00000001094866f8]
Event: 73.028 Thread 0x00007fa95202b800  404             javafx.scene.Node::impl_getStyleable (24 bytes)
Event: 73.029 Thread 0x00007fa95202b800 nmethod 404 0x0000000109486110 code [0x0000000109486260, 0x0000000109486358]
Event: 73.030 Thread 0x00007fa95202a000  405             java.util.HashMap$HashIterator::<init> (63 bytes)
Event: 73.031 Thread 0x00007fa95202b800  406             javafx.beans.property.ObjectPropertyBase::isBound (13 bytes)
Event: 73.031 Thread 0x00007fa95202b800 nmethod 406 0x0000000109485f10 code [0x0000000109486040, 0x00000001094860b8]
Event: 73.033 Thread 0x00007fa95202a000 nmethod 405 0x0000000109491790 code [0x00000001094918e0, 0x0000000109491ad8]
Event: 73.034 Thread 0x00007fa95202b800  407             com.sun.javafx.css.StyleHelper::getCacheEntry (319 bytes)
Event: 73.037 Thread 0x00007fa95202a000  408             com.sun.javafx.css.StyleHelper$StyleCacheBucket::access$300 (5 bytes)
Event: 73.038 Thread 0x00007fa95202a000 nmethod 408 0x0000000109491590 code [0x00000001094916c0, 0x0000000109491718]

GC Heap History (6 events):
Event: 0.851 GC heap before
{Heap before GC invocations=1 (full 0):
 PSYoungGen      total 23488K, used 20160K [0x0000000145ca0000, 0x00000001476d0000, 0x000000015fff0000)
  eden space 20160K, 100% used [0x0000000145ca0000,0x0000000147050000,0x0000000147050000)
  from space 3328K, 0% used [0x0000000147390000,0x0000000147390000,0x00000001476d0000)
  to   space 3328K, 0% used [0x0000000147050000,0x0000000147050000,0x0000000147390000)
 ParOldGen       total 53632K, used 0K [0x00000001115f0000, 0x0000000114a50000, 0x0000000145ca0000)
  object space 53632K, 0% used [0x00000001115f0000,0x00000001115f0000,0x0000000114a50000)
 PSPermGen       total 21248K, used 11064K [0x000000010c3f0000, 0x000000010d8b0000, 0x00000001115f0000)
  object space 21248K, 52% used [0x000000010c3f0000,0x000000010cebe180,0x000000010d8b0000)
Event: 0.859 GC heap after
Heap after GC invocations=1 (full 0):
 PSYoungGen      total 23488K, used 3255K [0x0000000145ca0000, 0x00000001476d0000, 0x000000015fff0000)
  eden space 20160K, 0% used [0x0000000145ca0000,0x0000000145ca0000,0x0000000147050000)
  from space 3328K, 97% used [0x0000000147050000,0x000000014737df48,0x0000000147390000)
  to   space 3328K, 0% used [0x0000000147390000,0x0000000147390000,0x00000001476d0000)
 ParOldGen       total 53632K, used 8K [0x00000001115f0000, 0x0000000114a50000, 0x0000000145ca0000)
  object space 53632K, 0% used [0x00000001115f0000,0x00000001115f2000,0x0000000114a50000)
 PSPermGen       total 21248K, used 11064K [0x000000010c3f0000, 0x000000010d8b0000, 0x00000001115f0000)
  object space 21248K, 52% used [0x000000010c3f0000,0x000000010cebe180,0x000000010d8b0000)
}
Event: 6.155 GC heap before
{Heap before GC invocations=2 (full 0):
 PSYoungGen      total 23488K, used 23415K [0x0000000145ca0000, 0x00000001476d0000, 0x000000015fff0000)
  eden space 20160K, 100% used [0x0000000145ca0000,0x0000000147050000,0x0000000147050000)
  from space 3328K, 97% used [0x0000000147050000,0x000000014737df48,0x0000000147390000)
  to   space 3328K, 0% used [0x0000000147390000,0x0000000147390000,0x00000001476d0000)
 ParOldGen       total 53632K, used 8K [0x00000001115f0000, 0x0000000114a50000, 0x0000000145ca0000)
  object space 53632K, 0% used [0x00000001115f0000,0x00000001115f2000,0x0000000114a50000)
 PSPermGen       total 21248K, used 17818K [0x000000010c3f0000, 0x000000010d8b0000, 0x00000001115f0000)
  object space 21248K, 83% used [0x000000010c3f0000,0x000000010d5569d0,0x000000010d8b0000)
Event: 6.171 GC heap after
Heap after GC invocations=2 (full 0):
 PSYoungGen      total 23488K, used 3319K [0x0000000145ca0000, 0x00000001476d0000, 0x000000015fff0000)
  eden space 20160K, 0% used [0x0000000145ca0000,0x0000000145ca0000,0x0000000147050000)
  from space 3328K, 99% used [0x0000000147390000,0x00000001476cdd48,0x00000001476d0000)
  to   space 3328K, 0% used [0x0000000147050000,0x0000000147050000,0x0000000147390000)
 ParOldGen       total 53632K, used 3105K [0x00000001115f0000, 0x0000000114a50000, 0x0000000145ca0000)
  object space 53632K, 5% used [0x00000001115f0000,0x00000001118f8540,0x0000000114a50000)
 PSPermGen       total 21248K, used 17818K [0x000000010c3f0000, 0x000000010d8b0000, 0x00000001115f0000)
  object space 21248K, 83% used [0x000000010c3f0000,0x000000010d5569d0,0x000000010d8b0000)
}
Event: 46.967 GC heap before
{Heap before GC invocations=3 (full 0):
 PSYoungGen      total 23488K, used 23479K [0x0000000145ca0000, 0x00000001476d0000, 0x000000015fff0000)
  eden space 20160K, 100% used [0x0000000145ca0000,0x0000000147050000,0x0000000147050000)
  from space 3328K, 99% used [0x0000000147390000,0x00000001476cdd48,0x00000001476d0000)
  to   space 3328K, 0% used [0x0000000147050000,0x0000000147050000,0x0000000147390000)
 ParOldGen       total 53632K, used 3105K [0x00000001115f0000, 0x0000000114a50000, 0x0000000145ca0000)
  object space 53632K, 5% used [0x00000001115f0000,0x00000001118f8540,0x0000000114a50000)
 PSPermGen       total 22016K, used 21825K [0x000000010c3f0000, 0x000000010d970000, 0x00000001115f0000)
  object space 22016K, 99% used [0x000000010c3f0000,0x000000010d9406e8,0x000000010d970000)
Event: 46.978 GC heap after
Heap after GC invocations=3 (full 0):
 PSYoungGen      total 23488K, used 3300K [0x0000000145ca0000, 0x00000001476d0000, 0x000000015fff0000)
  eden space 20160K, 0% used [0x0000000145ca0000,0x0000000145ca0000,0x0000000147050000)
  from space 3328K, 99% used [0x0000000147050000,0x00000001473890e0,0x0000000147390000)
  to   space 3328K, 0% used [0x0000000147390000,0x0000000147390000,0x00000001476d0000)
 ParOldGen       total 53632K, used 6570K [0x00000001115f0000, 0x0000000114a50000, 0x0000000145ca0000)
  object space 53632K, 12% used [0x00000001115f0000,0x0000000111c5aa80,0x0000000114a50000)
 PSPermGen       total 22016K, used 21825K [0x000000010c3f0000, 0x000000010d970000, 0x00000001115f0000)
  object space 22016K, 99% used [0x000000010c3f0000,0x000000010d9406e8,0x000000010d970000)
}

Deoptimization events (10 events):
Event: 6.626 Thread 0x00007fa952947800 Uncommon trap -34 fr.pc 0x00000001093eb000
Event: 6.627 Thread 0x00007fa952947800 Uncommon trap -34 fr.pc 0x00000001093eb000
Event: 6.628 Thread 0x00007fa952947800 Uncommon trap -34 fr.pc 0x00000001093eb000
Event: 6.629 Thread 0x00007fa952947800 Uncommon trap -34 fr.pc 0x00000001093eb000
Event: 66.513 Thread 0x00007fa950a50800 Uncommon trap -83 fr.pc 0x0000000109424e40
Event: 66.755 Thread 0x00007fa952947800 Uncommon trap -34 fr.pc 0x00000001093f1094
Event: 72.957 Thread 0x00007fa952947800 Uncommon trap -83 fr.pc 0x0000000109475998
Event: 72.976 Thread 0x00007fa952947800 Uncommon trap -34 fr.pc 0x0000000109482cb8
Event: 72.976 Thread 0x00007fa952947800 Uncommon trap -83 fr.pc 0x0000000109483098
Event: 73.001 Thread 0x00007fa952947800 Uncommon trap -83 fr.pc 0x00000001094695dc

Internal exceptions (10 events):
Event: 6.389 Thread 0x00007fa952947800 Threw 0x00000001460622f8 at /HUDSON/workspace/jdk7u21-2-build-macosx-amd64-product/jdk7u21/hotspot/src/share/vm/prims/jvm.cpp:1166
Event: 6.402 Thread 0x00007fa952947800 Threw 0x00000001460ea4a0 at /HUDSON/workspace/jdk7u21-2-build-macosx-amd64-product/jdk7u21/hotspot/src/share/vm/prims/jvm.cpp:1166
Event: 6.402 Thread 0x00007fa952947800 Threw 0x00000001460eb6f8 at /HUDSON/workspace/jdk7u21-2-build-macosx-amd64-product/jdk7u21/hotspot/src/share/vm/prims/jvm.cpp:1166
Event: 6.402 Thread 0x00007fa952947800 Threw 0x00000001460ecab8 at /HUDSON/workspace/jdk7u21-2-build-macosx-amd64-product/jdk7u21/hotspot/src/share/vm/prims/jvm.cpp:1166
Event: 6.402 Thread 0x00007fa952947800 Threw 0x00000001460ee188 at /HUDSON/workspace/jdk7u21-2-build-macosx-amd64-product/jdk7u21/hotspot/src/share/vm/prims/jvm.cpp:1166
Event: 6.409 Thread 0x00007fa952947800 Threw 0x0000000146144b00 at /HUDSON/workspace/jdk7u21-2-build-macosx-amd64-product/jdk7u21/hotspot/src/share/vm/interpreter/interpr
Event: 6.522 Thread 0x00007fa952947800 Threw 0x00000001464d96d8 at /HUDSON/workspace/jdk7u21-2-build-macosx-amd64-product/jdk7u21/hotspot/src/share/vm/prims/jvm.cpp:1166
Event: 6.523 Thread 0x00007fa952947800 Threw 0x00000001464e43e8 at /HUDSON/workspace/jdk7u21-2-build-macosx-amd64-product/jdk7u21/hotspot/src/share/vm/prims/jvm.cpp:1166
Event: 6.523 Thread 0x00007fa952947800 Threw 0x00000001464e9028 at /HUDSON/workspace/jdk7u21-2-build-macosx-amd64-product/jdk7u21/hotspot/src/share/vm/prims/jvm.cpp:1166
Event: 6.599 Thread 0x00007fa952947800 Implicit null exception at 0x00000001093d8b6a to 0x00000001093db025

Events (10 events):
Event: 73.011 loading class 0x00007fa953eb0ab0
Event: 73.011 loading class 0x00007fa953eb0ab0 done
Event: 73.011 loading class 0x00007fa953ec3af0
Event: 73.011 loading class 0x00007fa953ec3af0 done
Event: 73.011 loading class 0x00007fa953d85e80
Event: 73.011 loading class 0x00007fa953d85e80 done
Event: 73.013 loading class 0x00007fa953909eb0
Event: 73.013 loading class 0x00007fa953909eb0 done
Event: 73.013 loading class 0x00007fa953e54fd0
Event: 73.013 loading class 0x00007fa953e54fd0 done


Dynamic libraries:
0x00000000024e5000 	/System/Library/Frameworks/Cocoa.framework/Versions/A/Cocoa
0x00000000024e5000 	/System/Library/Frameworks/Security.framework/Versions/A/Security
0x00000000024e5000 	/System/Library/Frameworks/ApplicationServices.framework/Versions/A/ApplicationServices
0x00000000024e5000 	/usr/lib/libz.1.dylib
0x00000000024e5000 	/usr/lib/libSystem.B.dylib
0x00000000024e5000 	/usr/lib/libobjc.A.dylib
0x00000000024e5000 	/System/Library/Frameworks/CoreFoundation.framework/Versions/A/CoreFoundation
0x00000000024e5000 	/System/Library/Frameworks/AppKit.framework/Versions/C/AppKit
0x00000000024e5000 	/System/Library/Frameworks/CoreData.framework/Versions/A/CoreData
0x00000000024e5000 	/System/Library/Frameworks/Foundation.framework/Versions/C/Foundation
0x00000000024e5000 	/System/Library/PrivateFrameworks/RemoteViewServices.framework/Versions/A/RemoteViewServices
0x00000000024e5000 	/System/Library/Frameworks/AudioToolbox.framework/Versions/A/AudioToolbox
0x00000000024e5000 	/System/Library/Frameworks/AudioUnit.framework/Versions/A/AudioUnit
0x00000000024e5000 	/System/Library/PrivateFrameworks/DataDetectorsCore.framework/Versions/A/DataDetectorsCore
0x00000000024e5000 	/System/Library/PrivateFrameworks/DesktopServicesPriv.framework/Versions/A/DesktopServicesPriv
0x00000000024e5000 	/System/Library/Frameworks/Carbon.framework/Versions/A/Frameworks/HIToolbox.framework/Versions/A/HIToolbox
0x00000000024e5000 	/System/Library/Frameworks/QuartzCore.framework/Versions/A/QuartzCore
0x00000000024e5000 	/System/Library/Frameworks/Carbon.framework/Versions/A/Frameworks/SpeechRecognition.framework/Versions/A/SpeechRecognition
0x00000000024e5000 	/usr/lib/libauto.dylib
0x00000000024e5000 	/usr/lib/libicucore.A.dylib
0x00000000024e5000 	/usr/lib/libxml2.2.dylib
0x00000000024e5000 	/System/Library/PrivateFrameworks/CoreUI.framework/Versions/A/CoreUI
0x00000000024e5000 	/System/Library/Frameworks/CoreAudio.framework/Versions/A/CoreAudio
0x00000000024e5000 	/System/Library/Frameworks/DiskArbitration.framework/Versions/A/DiskArbitration
0x00000000024e5000 	/usr/lib/liblangid.dylib
0x00000000024e5000 	/System/Library/PrivateFrameworks/MultitouchSupport.framework/Versions/A/MultitouchSupport
0x00000000024e5000 	/System/Library/Frameworks/IOKit.framework/Versions/A/IOKit
0x00000000024e5000 	/usr/lib/libDiagnosticMessagesClient.dylib
0x00000000024e5000 	/System/Library/Frameworks/CoreServices.framework/Versions/A/CoreServices
0x00000000024e5000 	/System/Library/PrivateFrameworks/PerformanceAnalysis.framework/Versions/A/PerformanceAnalysis
0x00000000024e5000 	/System/Library/PrivateFrameworks/GenerationalStorage.framework/Versions/A/GenerationalStorage
0x00000000024e5000 	/System/Library/Frameworks/OpenGL.framework/Versions/A/OpenGL
0x00000000024e5000 	/System/Library/Frameworks/CoreText.framework/Versions/A/CoreText
0x00000000024e5000 	/System/Library/Frameworks/ImageIO.framework/Versions/A/ImageIO
0x00000000024e5000 	/System/Library/PrivateFrameworks/Backup.framework/Versions/A/Backup
0x00000000024e5000 	/System/Library/Frameworks/CFNetwork.framework/Versions/A/CFNetwork
0x00000000024e5000 	/System/Library/Frameworks/SystemConfiguration.framework/Versions/A/SystemConfiguration
0x00000000024e5000 	/usr/lib/libCRFSuite.dylib
0x00000000024e5000 	/System/Library/PrivateFrameworks/TCC.framework/Versions/A/TCC
0x00000000024e5000 	/usr/lib/libc++.1.dylib
0x00000000024e5000 	/usr/lib/libc++abi.dylib
0x00000000024e5000 	/usr/lib/system/libcache.dylib
0x00000000024e5000 	/usr/lib/system/libcommonCrypto.dylib
0x00000000024e5000 	/usr/lib/system/libcompiler_rt.dylib
0x00000000024e5000 	/usr/lib/system/libcopyfile.dylib
0x00000000024e5000 	/usr/lib/system/libdispatch.dylib
0x00000000024e5000 	/usr/lib/system/libdnsinfo.dylib
0x00000000024e5000 	/usr/lib/system/libdyld.dylib
0x00000000024e5000 	/usr/lib/system/libkeymgr.dylib
0x00000000024e5000 	/usr/lib/system/liblaunch.dylib
0x00000000024e5000 	/usr/lib/system/libmacho.dylib
0x00000000024e5000 	/usr/lib/system/libquarantine.dylib
0x00000000024e5000 	/usr/lib/system/libremovefile.dylib
0x00000000024e5000 	/usr/lib/system/libsystem_blocks.dylib
0x00000000024e5000 	/usr/lib/system/libsystem_c.dylib
0x00000000024e5000 	/usr/lib/system/libsystem_dnssd.dylib
0x00000000024e5000 	/usr/lib/system/libsystem_info.dylib
0x00000000024e5000 	/usr/lib/system/libsystem_kernel.dylib
0x00000000024e5000 	/usr/lib/system/libsystem_m.dylib
0x00000000024e5000 	/usr/lib/system/libsystem_network.dylib
0x00000000024e5000 	/usr/lib/system/libsystem_notify.dylib
0x00000000024e5000 	/usr/lib/system/libsystem_sandbox.dylib
0x00000000024e5000 	/usr/lib/system/libunc.dylib
0x00000000024e5000 	/usr/lib/system/libunwind.dylib
0x00000000024e5000 	/usr/lib/system/libxpc.dylib
0x00000000024e5000 	/usr/lib/system/libcorecrypto.dylib
0x00000000024e5000 	/usr/lib/libstdc++.6.dylib
0x00000000024e5000 	/usr/lib/libbsm.0.dylib
0x00000000024e5000 	/usr/lib/libsqlite3.dylib
0x00000000024e5000 	/usr/lib/libxar.1.dylib
0x00000000024e5000 	/usr/lib/libpam.2.dylib
0x00000000024e5000 	/usr/lib/libOpenScriptingUtil.dylib
0x00000000024e5000 	/usr/lib/libbz2.1.0.dylib
0x00000000024e5000 	/System/Library/Frameworks/CoreServices.framework/Versions/A/Frameworks/CarbonCore.framework/Versions/A/CarbonCore
0x00000000024e5000 	/System/Library/Frameworks/CoreServices.framework/Versions/A/Frameworks/Metadata.framework/Versions/A/Metadata
0x00000000024e5000 	/System/Library/Frameworks/CoreServices.framework/Versions/A/Frameworks/OSServices.framework/Versions/A/OSServices
0x00000000024e5000 	/System/Library/Frameworks/CoreServices.framework/Versions/A/Frameworks/SearchKit.framework/Versions/A/SearchKit
0x00000000024e5000 	/System/Library/Frameworks/CoreServices.framework/Versions/A/Frameworks/AE.framework/Versions/A/AE
0x00000000024e5000 	/System/Library/Frameworks/CoreServices.framework/Versions/A/Frameworks/LaunchServices.framework/Versions/A/LaunchServices
0x00000000024e5000 	/System/Library/Frameworks/CoreServices.framework/Versions/A/Frameworks/DictionaryServices.framework/Versions/A/DictionaryServices
0x00000000024e5000 	/System/Library/Frameworks/NetFS.framework/Versions/A/NetFS
0x00000000024e5000 	/usr/lib/system/libkxld.dylib
0x00000000024e5000 	/System/Library/PrivateFrameworks/NetAuth.framework/Versions/A/NetAuth
0x00000000024e5000 	/System/Library/Frameworks/OpenDirectory.framework/Versions/A/Frameworks/CFOpenDirectory.framework/Versions/A/CFOpenDirectory
0x00000000024e5000 	/usr/lib/libxslt.1.dylib
0x00000000024e5000 	/System/Library/PrivateFrameworks/FamilyControls.framework/Versions/A/FamilyControls
0x00000000024e5000 	/System/Library/Frameworks/Carbon.framework/Versions/A/Frameworks/Ink.framework/Versions/A/Ink
0x00000000024e5000 	/System/Library/Frameworks/ApplicationServices.framework/Versions/A/Frameworks/CoreGraphics.framework/Versions/A/CoreGraphics
0x00000000024e5000 	/System/Library/Frameworks/ApplicationServices.framework/Versions/A/Frameworks/ATS.framework/Versions/A/ATS
0x00000000024e5000 	/System/Library/Frameworks/ApplicationServices.framework/Versions/A/Frameworks/ColorSync.framework/Versions/A/ColorSync
0x00000000024e5000 	/System/Library/Frameworks/ApplicationServices.framework/Versions/A/Frameworks/HIServices.framework/Versions/A/HIServices
0x00000000024e5000 	/System/Library/Frameworks/ApplicationServices.framework/Versions/A/Frameworks/LangAnalysis.framework/Versions/A/LangAnalysis
0x00000000024e5000 	/System/Library/Frameworks/ApplicationServices.framework/Versions/A/Frameworks/PrintCore.framework/Versions/A/PrintCore
0x00000000024e5000 	/System/Library/Frameworks/ApplicationServices.framework/Versions/A/Frameworks/QD.framework/Versions/A/QD
0x00000000024e5000 	/System/Library/Frameworks/ApplicationServices.framework/Versions/A/Frameworks/SpeechSynthesis.framework/Versions/A/SpeechSynthesis
0x00000000024e5000 	/System/Library/Frameworks/IOSurface.framework/Versions/A/IOSurface
0x00000000024e5000 	/System/Library/Frameworks/Accelerate.framework/Versions/A/Accelerate
0x00000000024e5000 	/System/Library/Frameworks/ApplicationServices.framework/Versions/A/Frameworks/ATS.framework/Versions/A/Resources/libFontParser.dylib
0x00000000024e5000 	/System/Library/Frameworks/ApplicationServices.framework/Versions/A/Frameworks/ATS.framework/Versions/A/Resources/libFontRegistry.dylib
0x00000000024e5000 	/System/Library/Frameworks/Accelerate.framework/Versions/A/Frameworks/vImage.framework/Versions/A/vImage
0x00000000024e5000 	/System/Library/Frameworks/Accelerate.framework/Versions/A/Frameworks/vecLib.framework/Versions/A/vecLib
0x00000000024e5000 	/System/Library/Frameworks/Accelerate.framework/Versions/A/Frameworks/vecLib.framework/Versions/A/libvDSP.dylib
0x00000000024e5000 	/System/Library/Frameworks/Accelerate.framework/Versions/A/Frameworks/vecLib.framework/Versions/A/libvMisc.dylib
0x00000000024e5000 	/System/Library/Frameworks/Accelerate.framework/Versions/A/Frameworks/vecLib.framework/Versions/A/libLAPACK.dylib
0x00000000024e5000 	/System/Library/Frameworks/Accelerate.framework/Versions/A/Frameworks/vecLib.framework/Versions/A/libBLAS.dylib
0x00000000024e5000 	/System/Library/Frameworks/ImageIO.framework/Versions/A/Resources/libJPEG.dylib
0x00000000024e5000 	/System/Library/Frameworks/ImageIO.framework/Versions/A/Resources/libTIFF.dylib
0x00000000024e5000 	/System/Library/Frameworks/ImageIO.framework/Versions/A/Resources/libPng.dylib
0x00000000024e5000 	/System/Library/Frameworks/ImageIO.framework/Versions/A/Resources/libGIF.dylib
0x00000000024e5000 	/System/Library/Frameworks/ImageIO.framework/Versions/A/Resources/libJP2.dylib
0x00000000024e5000 	/System/Library/Frameworks/ImageIO.framework/Versions/A/Resources/libRadiance.dylib
0x00000000024e5000 	/usr/lib/libcups.2.dylib
0x00000000024e5000 	/System/Library/Frameworks/Kerberos.framework/Versions/A/Kerberos
0x00000000024e5000 	/System/Library/Frameworks/GSS.framework/Versions/A/GSS
0x00000000024e5000 	/usr/lib/libresolv.9.dylib
0x00000000024e5000 	/usr/lib/libiconv.2.dylib
0x00000000024e5000 	/System/Library/PrivateFrameworks/Heimdal.framework/Versions/A/Heimdal
0x00000000024e5000 	/System/Library/PrivateFrameworks/TrustEvaluationAgent.framework/Versions/A/TrustEvaluationAgent
0x00000000024e5000 	/System/Library/Frameworks/OpenDirectory.framework/Versions/A/OpenDirectory
0x00000000024e5000 	/System/Library/PrivateFrameworks/CommonAuth.framework/Versions/A/CommonAuth
0x00000000024e5000 	/System/Library/PrivateFrameworks/Bom.framework/Versions/A/Bom
0x00000000024e5000 	/System/Library/Frameworks/CoreVideo.framework/Versions/A/CoreVideo
0x00000000024e5000 	/System/Library/Frameworks/QuartzCore.framework/Versions/A/Frameworks/CoreImage.framework/Versions/A/CoreImage
0x00000000024e5000 	/System/Library/Frameworks/QuartzCore.framework/Versions/A/Frameworks/ScalableUserInterface.framework/Versions/A/ScalableUserInterface
0x00000000024e5000 	/System/Library/Frameworks/OpenGL.framework/Versions/A/Libraries/libGLU.dylib
0x00000000024e5000 	/System/Library/Frameworks/OpenGL.framework/Versions/A/Libraries/libGFXShared.dylib
0x00000000024e5000 	/System/Library/Frameworks/OpenGL.framework/Versions/A/Libraries/libGL.dylib
0x00000000024e5000 	/System/Library/Frameworks/OpenGL.framework/Versions/A/Libraries/libGLImage.dylib
0x00000000024e5000 	/System/Library/Frameworks/OpenGL.framework/Versions/A/Libraries/libCVMSPluginSupport.dylib
0x00000000024e5000 	/System/Library/Frameworks/OpenGL.framework/Versions/A/Libraries/libCoreVMClient.dylib
0x00000000024e5000 	/System/Library/PrivateFrameworks/CrashReporterSupport.framework/Versions/A/CrashReporterSupport
0x00000000024e5000 	/System/Library/Frameworks/OpenCL.framework/Versions/A/OpenCL
0x00000000024e5000 	/System/Library/PrivateFrameworks/FaceCoreLight.framework/Versions/A/FaceCoreLight
0x00000000024e5000 	/System/Library/PrivateFrameworks/AppleFSCompression.framework/Versions/A/AppleFSCompression
0x00000000024e5000 	/System/Library/PrivateFrameworks/Ubiquity.framework/Versions/A/Ubiquity
0x00000000024e5000 	/System/Library/Frameworks/ServiceManagement.framework/Versions/A/ServiceManagement
0x00000000024e5000 	/System/Library/PrivateFrameworks/ChunkingLibrary.framework/Versions/A/ChunkingLibrary
0x00000000024e5000 	/System/Library/Frameworks/vecLib.framework/Versions/A/vecLib
0x00000000024e5000 	/System/Library/Frameworks/SecurityFoundation.framework/Versions/A/SecurityFoundation
0x00000000024e5000 	/System/Library/PrivateFrameworks/CommerceKit.framework/Versions/A/Frameworks/CommerceCore.framework/Versions/A/CommerceCore
0x00000000024e5000 	/System/Library/PrivateFrameworks/CoreSymbolication.framework/Versions/A/CoreSymbolication
0x00000000024e5000 	/System/Library/PrivateFrameworks/Symbolication.framework/Versions/A/Symbolication
0x00000000024e5000 	/System/Library/PrivateFrameworks/DebugSymbols.framework/Versions/A/DebugSymbols
0x00000001086a1000 	/Library/Java/JavaVirtualMachines/jdk1.7.0_21.jdk/Contents/Home/jre/lib/server/libjvm.dylib
0x000000010924d000 	/Library/Java/JavaVirtualMachines/jdk1.7.0_21.jdk/Contents/Home/jre/lib/libverify.dylib
0x000000010925a000 	/Library/Java/JavaVirtualMachines/jdk1.7.0_21.jdk/Contents/Home/jre/lib/libjava.dylib
0x0000000109317000 	/Library/Java/JavaVirtualMachines/jdk1.7.0_21.jdk/Contents/Home/jre/lib/libzip.dylib
0x00000001651ed000 	/System/Library/Frameworks/JavaVM.framework/Frameworks/JavaRuntimeSupport.framework/JavaRuntimeSupport
0x0000000165205000 	/System/Library/Frameworks/JavaVM.framework/Versions/A/Frameworks/JavaNativeFoundation.framework/Versions/A/JavaNativeFoundation
0x000000016521a000 	/System/Library/Frameworks/JavaVM.framework/Versions/A/JavaVM
0x00000000024e5000 	/System/Library/Frameworks/Carbon.framework/Versions/A/Carbon
0x0000000165227000 	/System/Library/PrivateFrameworks/JavaLaunching.framework/Versions/A/JavaLaunching
0x00000000024e5000 	/System/Library/Frameworks/Carbon.framework/Versions/A/Frameworks/CommonPanels.framework/Versions/A/CommonPanels
0x00000000024e5000 	/System/Library/Frameworks/Carbon.framework/Versions/A/Frameworks/Help.framework/Versions/A/Help
0x00000000024e5000 	/System/Library/Frameworks/Carbon.framework/Versions/A/Frameworks/ImageCapture.framework/Versions/A/ImageCapture
0x00000000024e5000 	/System/Library/Frameworks/Carbon.framework/Versions/A/Frameworks/OpenScripting.framework/Versions/A/OpenScripting
0x00000000024e5000 	/System/Library/Frameworks/Carbon.framework/Versions/A/Frameworks/Print.framework/Versions/A/Print
0x00000000024e5000 	/System/Library/Frameworks/Carbon.framework/Versions/A/Frameworks/SecurityHI.framework/Versions/A/SecurityHI
0x0000000165c27000 	/Library/Java/JavaVirtualMachines/jdk1.7.0_21.jdk/Contents/Home/jre/lib/libdeploy.dylib
0x0000000165c4d000 	/Library/Java/JavaVirtualMachines/jdk1.7.0_21.jdk/Contents/Home/jre/lib/jli/./libjli.dylib
0x0000000165ebd000 	/Library/Java/JavaVirtualMachines/jdk1.7.0_21.jdk/Contents/Home/jre/lib/libprism-es2.dylib
0x0000000165f2a000 	/System/Library/Frameworks/OpenGL.framework/Resources/GLEngine.bundle/GLEngine
0x000000016611f000 	/System/Library/Frameworks/OpenGL.framework/Versions/A/Libraries/libGLProgrammability.dylib
0x00000001662c7000 	/System/Library/Extensions/AppleIntelHD3000GraphicsGLDriver.bundle/Contents/MacOS/AppleIntelHD3000GraphicsGLDriver
0x00000001667b3000 	/System/Library/PrivateFrameworks/GPUSupport.framework/Versions/A/Libraries/libGPUSupport.dylib
0x00000001667c7000 	/System/Library/Frameworks/OpenGL.framework/Resources//GLRendererFloat.bundle/GLRendererFloat
0x00000001667fb000 	/System/Library/Frameworks/OpenCL.framework/Versions/A/Libraries/libcldcpuengine.dylib
0x00000000024e5000 	/System/Library/PrivateFrameworks/DiskImages.framework/Versions/A/DiskImages
0x00000000024e5000 	/System/Library/Frameworks/DiscRecording.framework/Versions/A/DiscRecording
0x00000000024e5000 	/usr/lib/libcurl.4.dylib
0x00000000024e5000 	/System/Library/PrivateFrameworks/MediaKit.framework/Versions/A/MediaKit
0x00000000024e5000 	/usr/lib/libssl.0.9.8.dylib
0x00000000024e5000 	/usr/lib/libcrypto.0.9.8.dylib
0x00000000024e5000 	/System/Library/Frameworks/LDAP.framework/Versions/A/LDAP
0x00000000024e5000 	/usr/lib/libsasl2.2.dylib
0x0000000166aee000 	/Library/Java/JavaVirtualMachines/jdk1.7.0_21.jdk/Contents/Home/jre/lib/libglass.dylib
0x00000000024e5000 	/System/Library/PrivateFrameworks/CoreServicesInternal.framework/Versions/A/CoreServicesInternal
0x00000000024e5000 	/System/Library/PrivateFrameworks/Librarian.framework/Versions/A/Librarian
0x00000000024e5000 	/System/Library/CoreServices/RawCamera.bundle/Contents/MacOS/RawCamera
0x00000000024e5000 	/System/Library/Frameworks/ApplicationServices.framework/Versions/A/Frameworks/CoreGraphics.framework/Versions/A/Resources/libCSync.A.dylib
0x00000000024e5000 	/System/Library/Frameworks/ApplicationServices.framework/Versions/A/Frameworks/CoreGraphics.framework/Versions/A/Resources/libRIP.A.dylib
0x000000016a267000 	/Library/Java/JavaVirtualMachines/jdk1.7.0_21.jdk/Contents/Home/jre/lib/libjavafx-font.dylib
0x00000000024e5000 	/System/Library/Frameworks/ApplicationServices.framework/Versions/A/Frameworks/CoreGraphics.framework/Versions/A/Resources/libCGXType.A.dylib
0x00000001683b2000 	cl_kernels
0x000000016b05f000 	/System/Library/Frameworks/OpenCL.framework/Versions/A/Libraries/ImageFormats/unorm8_bgra.dylib
0x00000001683e2000 	cl_kernels
0x000000016cbf1000 	/Library/Java/JavaVirtualMachines/jdk1.7.0_21.jdk/Contents/Home/jre/lib/libnet.dylib
0x000000016ce0c000 	/Library/Java/JavaVirtualMachines/jdk1.7.0_21.jdk/Contents/Home/jre/lib/libsunec.dylib
0x000000016596e000 	/Library/Java/JavaVirtualMachines/jdk1.7.0_21.jdk/Contents/Home/jre/lib/libnio.dylib

VM Arguments:
jvm_args: -Dfile.encoding=UTF-8 
java_command: com.javafx.main.Main
Launcher Type: SUN_STANDARD

Environment Variables:
PATH=/usr/bin:/bin:/usr/sbin:/sbin
LD_LIBRARY_PATH=/Library/Java/JavaVirtualMachines/jdk1.7.0_21.jdk/Contents/Home/jre/lib/amd64:/Library/Java/JavaVirtualMachines/jdk1.7.0_21.jdk/Contents/Home/jre/lib/i386:
SHELL=/bin/zsh
DISPLAY=/tmp/launch-yflGLy/org.macosforge.xquartz:0

Signal Handlers:
SIGSEGV: [libjvm.dylib+0x4a4e2d], sa_mask[0]=0xfffefeff, sa_flags=0x00000042
SIGBUS: [libjvm.dylib+0x4a4e2d], sa_mask[0]=0xfffefeff, sa_flags=0x00000042
SIGFPE: [libjvm.dylib+0x3b4729], sa_mask[0]=0xfffefeff, sa_flags=0x00000042
SIGPIPE: [libjvm.dylib+0x3b4729], sa_mask[0]=0xfffefeff, sa_flags=0x00000042
SIGXFSZ: [libjvm.dylib+0x3b4729], sa_mask[0]=0xfffefeff, sa_flags=0x00000042
SIGILL: [libjvm.dylib+0x3b4729], sa_mask[0]=0xfffefeff, sa_flags=0x00000042
SIGUSR1: SIG_DFL, sa_mask[0]=0x00000000, sa_flags=0x00000002
SIGUSR2: [libjvm.dylib+0x3b42c2], sa_mask[0]=0x00000004, sa_flags=0x00000042
SIGHUP: [libjvm.dylib+0x3b2523], sa_mask[0]=0xfffefeff, sa_flags=0x00000042
SIGINT: SIG_IGN, sa_mask[0]=0x00000000, sa_flags=0x00000000
SIGTERM: [libjvm.dylib+0x3b2523], sa_mask[0]=0xfffefeff, sa_flags=0x00000042
SIGQUIT: [libjvm.dylib+0x3b2523], sa_mask[0]=0xfffefeff, sa_flags=0x00000042


---------------  S Y S T E M  ---------------

OS:Bsduname:Darwin 12.3.0 Darwin Kernel Version 12.3.0: Sun Jan  6 22:37:10 PST 2013; root:xnu-2050.22.13~1/RELEASE_X86_64 x86_64
rlimit: STACK 8192k, CORE 0k, NPROC 709, NOFILE 10240, AS infinity
load average:1.51 1.55 1.54

CPU:total 4 (2 cores per cpu, 2 threads per core) family 6 model 42 stepping 7, cmov, cx8, fxsr, mmx, sse, sse2, sse3, ssse3, sse4.1, sse4.2, popcnt, avx, ht, tsc, tscinvbit

Memory: 4k page, physical 5148648k(1287162k free)

/proc/meminfo:


vm_info: Java HotSpot(TM) 64-Bit Server VM (23.21-b01) for bsd-amd64 JRE (1.7.0_21-b12), built on Apr  7 2013 14:55:50 by "java_re" with gcc 4.2.1 (Based on Apple Inc. build 5658) (LLVM build 2336.11.00)

time: Wed Jun  5 16:15:22 2013
elapsed time: 73 seconds

