#
# A fatal error has been detected by the Java Runtime Environment:
#
#  SIGSEGV (0xb) at pc=0x00000001045f80f5, pid=22516, tid=1799
#
# JRE version: 7.0_21-b12
# Java VM: Java HotSpot(TM) 64-Bit Server VM (23.21-b01 mixed mode bsd-amd64 compressed oops)
# Problematic frame:
# V  [libjvm.dylib+0x2a40f5]
#
# Failed to write core dump. Core dumps have been disabled. To enable core dumping, try "ulimit -c unlimited" before starting Java again
#
# If you would like to submit a bug report, please visit:
#   http://bugreport.sun.com/bugreport/crash.jsp
#

---------------  T H R E A D  ---------------

Current thread (0x00007fa27b168800):  JavaThread "JavaFX Application Thread" [_thread_in_vm, id=1799, stack(0x00007fff5b1d9000,0x00007fff5b9d9000)]

siginfo:si_signo=SIGSEGV: si_errno=0, si_code=0 (SEGV0), si_addr=0x0000000000000000

Registers:
RAX=0x0000003000000018, RBX=0x0000000000000001, RCX=0x0000000000000001, RDX=0x6563732f78666176
RSP=0x00007fff5b9d5a60, RBP=0x00007fff5b9d5b80, RSI=0x00007fff5b9d5c90, RDI=0x00007fa27b1689d8
R8 =0x00007fa27b862d20, R9 =0x00007fff5b9d5c50, R10=0x0000000104a023c0, R11=0x00007fff5b9d5750
R12=0x00007fa27b168800, R13=0x00007fff5b9d5c50, R14=0x6563732f78666176, R15=0x00007fa27b1689d8
RIP=0x00000001045f80f5, EFLAGS=0x0000000000010202, ERR=0x0000000000000000
  TRAPNO=0x000000000000000d

Top of Stack: (sp=0x00007fff5b9d5a60)
0x00007fff5b9d5a60:   00007fff5b9d5a90 000000058738c005
0x00007fff5b9d5a70:   00007fa27b1689d8 00007fa27b836580
0x00007fff5b9d5a80:   00007fff5b9d5c50 00007fff72f75b88
0x00007fff5b9d5a90:   0000000141c51590 00007fff0000006f
0x00007fff5b9d5aa0:   00007fa20000000a 000000014245a180
0x00007fff5b9d5ab0:   ffff805d00000000 00007fa27b0008a0
0x00007fff5b9d5ac0:   00007fa27b000c00 00007fa27b993500
0x00007fff5b9d5ad0:   0000000100000101 00007fa27b993500
0x00007fff5b9d5ae0:   00007fff5b9d5a90 00007fff5b9d5ad1
0x00007fff5b9d5af0:   0000000800000005 00007fff873a4600
0x00007fff5b9d5b00:   00007fa27ac047d0 00007fa27ac303b0
0x00007fff5b9d5b10:   00007fa27ac303c0 00007fa27ac30798
0x00007fff5b9d5b20:   00000001049f6500 00007fa27ba09290
0x00007fff5b9d5b30:   0000000000000003 000000000000000a
0x00007fff5b9d5b40:   0000000000000000 4073700000000000
0x00007fff5b9d5b50:   00007fa27b836588 00007fa27b862d20
0x00007fff5b9d5b60:   00007fa27b168800 00007fff5b9d5c50
0x00007fff5b9d5b70:   6563732f78666176 00007fa27b1689d8
0x00007fff5b9d5b80:   00007fff5b9d5d10 00000001045ec0e7
0x00007fff5b9d5b90:   00007fa27b168800 000000014245a180
0x00007fff5b9d5ba0:   0000000000000001 00007fa27b836580
0x00007fff5b9d5bb0:   00007fff5b9d5c00 0000000000000071
0x00007fff5b9d5bc0:   0000000000000000 00007fa27ac4a658
0x00007fff5b9d5bd0:   0000000000000007 00007fa27b168800
0x00007fff5b9d5be0:   0000000000000003 00000001080b0650
0x00007fff5b9d5bf0:   0000000000000001 00007fa27b168801
0x00007fff5b9d5c00:   00007fff5b9d5c40 00000001047db7bf
0x00007fff5b9d5c10:   0000000000000000 0000000000000001
0x00007fff5b9d5c20:   0000000000000002 0000000000000001
0x00007fff5b9d5c30:   00007fff5b9d5ca0 00000001045f55a1
0x00007fff5b9d5c40:   00007fff5b9d5cb0 00007fa27b168800
0x00007fff5b9d5c50:   0000000104a02310 00007fa27ba09290 

Instructions: (pc=0x00000001045f80f5)
0x00000001045f80d5:   5e 41 5f 5d c3 55 48 89 e5 41 57 41 56 41 55 41
0x00000001045f80e5:   54 53 48 81 ec f8 00 00 00 89 cb 48 85 d2 74 08
0x00000001045f80f5:   4c 8b 32 4d 85 f6 75 2b 4c 8d 35 ec 26 4a 00 49
0x00000001045f8105:   8b 8e 30 03 00 00 48 8d 35 1f 0f 24 00 ba 45 05 

Register to memory mapping:

RAX=0x0000003000000018 is an unknown value
RBX=0x0000000000000001 is an unknown value
RCX=0x0000000000000001 is an unknown value
RDX=0x6563732f78666176 is an unknown value
RSP=0x00007fff5b9d5a60 is pointing into the stack for thread: 0x00007fa27b168800
RBP=0x00007fff5b9d5b80 is pointing into the stack for thread: 0x00007fa27b168800
RSI=0x00007fff5b9d5c90 is pointing into the stack for thread: 0x00007fa27b168800
RDI=0x00007fa27b1689d8 is an unknown value
R8 =0x00007fa27b862d20 is a weak global jni handle
R9 =0x00007fff5b9d5c50 is pointing into the stack for thread: 0x00007fa27b168800
R10=0x0000000104a023c0: jni_NativeInterface+0 in /Library/Java/JavaVirtualMachines/jdk1.7.0_21.jdk/Contents/Home/jre/lib/server/libjvm.dylib at 0x0000000104354000
R11=0x00007fff5b9d5750 is pointing into the stack for thread: 0x00007fa27b168800
R12=0x00007fa27b168800 is a thread
R13=0x00007fff5b9d5c50 is pointing into the stack for thread: 0x00007fa27b168800
R14=0x6563732f78666176 is an unknown value
R15=0x00007fa27b1689d8 is an unknown value


Stack: [0x00007fff5b1d9000,0x00007fff5b9d9000],  sp=0x00007fff5b9d5a60,  free space=8178k
Native frames: (J=compiled Java code, j=interpreted, Vv=VM code, C=native code)
V  [libjvm.dylib+0x2a40f5]
V  [libjvm.dylib+0x2980e7]
C  [libglass.dylib+0x1f972]  -[GlassViewDelegate sendJavaKeyEvent:isDown:]+0x332
C  [AppKit+0x23b050]  -[NSWindow sendEvent:]+0x25d7
C  [libglass.dylib+0x23582]  -[GlassWindow_Normal sendEvent:]+0x52
C  [AppKit+0x236674]  -[NSApplication sendEvent:]+0x1681
C  [AppKit+0x14c24a]  -[NSApplication run]+0x27c
C  [libglass.dylib+0x30a9]  -[GlassApplication runLoop:]+0x309
C  [Foundation+0x92d3a]  __NSThreadPerformPerform+0xe1
C  [CoreFoundation+0x12b31]  __CFRUNLOOP_IS_CALLING_OUT_TO_A_SOURCE0_PERFORM_FUNCTION__+0x11
C  [CoreFoundation+0x12455]  __CFRunLoopDoSources0+0xf5
C  [CoreFoundation+0x357f5]  __CFRunLoopRun+0x315
C  [CoreFoundation+0x350e2]  CFRunLoopRunSpecific+0x122
C  [java+0x742d]  CreateExecutionEnvironment+0x367
C  [java+0x1bdc]  JLI_Launch+0x7a0
C  [java+0x778a]  main+0x65
C  [java+0x1434]  start+0x34


---------------  P R O C E S S  ---------------

Java Threads: ( => current thread )
  0x00007fa27d280000 JavaThread "Smack Listener Processor (0)" daemon [_thread_blocked, id=55043, stack(0x0000000168d35000,0x0000000168e35000)]
  0x00007fa27c88c800 JavaThread "Smack Keepalive" daemon [_thread_blocked, id=54787, stack(0x0000000168c23000,0x0000000168d23000)]
  0x00007fa27cab4000 JavaThread "Smack Packet Reader (0)" daemon [_thread_in_native, id=54531, stack(0x0000000168ad3000,0x0000000168bd3000)]
  0x00007fa27c85c000 JavaThread "Smack Packet Writer (0)" daemon [_thread_blocked, id=53519, stack(0x00000001689d0000,0x0000000168ad0000)]
  0x00007fa27c99e000 JavaThread "Prism Font Disposer" daemon [_thread_blocked, id=42499, stack(0x0000000166210000,0x0000000166310000)]
  0x00007fa27c8e8800 JavaThread "Thread-5" daemon [_thread_in_native, id=34307, stack(0x0000000164505000,0x0000000164585000)]
=>0x00007fa27b168800 JavaThread "JavaFX Application Thread" [_thread_in_vm, id=1799, stack(0x00007fff5b1d9000,0x00007fff5b9d9000)]
  0x00007fa27d135800 JavaThread "Thread-3" daemon [_thread_blocked, id=27139, stack(0x0000000162a9a000,0x0000000162b9a000)]
  0x00007fa27c8d6800 JavaThread "Disposer" daemon [_thread_blocked, id=26899, stack(0x0000000162939000,0x0000000162a39000)]
  0x00007fa27c0db800 JavaThread "QuantumRenderer-0" daemon [_thread_blocked, id=20995, stack(0x0000000161c02000,0x0000000161d02000)]
  0x00007fa27d149000 JavaThread "JavaFX-Launcher" [_thread_blocked, id=20739, stack(0x0000000161aa2000,0x0000000161ba2000)]
  0x00007fa27c88d800 JavaThread "traceMsgQueueThread" daemon [_thread_blocked, id=20483, stack(0x000000016196a000,0x0000000161a6a000)]
  0x00007fa27c812000 JavaThread "Service Thread" daemon [_thread_blocked, id=19971, stack(0x000000016150d000,0x000000016160d000)]
  0x00007fa27c811800 JavaThread "C2 CompilerThread1" daemon [_thread_in_native, id=19715, stack(0x000000016140a000,0x000000016150a000)]
  0x00007fa27c810000 JavaThread "C2 CompilerThread0" daemon [_thread_blocked, id=19459, stack(0x0000000161307000,0x0000000161407000)]
  0x00007fa27c801000 JavaThread "Signal Dispatcher" daemon [_thread_blocked, id=19203, stack(0x0000000161204000,0x0000000161304000)]
  0x00007fa27c807000 JavaThread "Finalizer" daemon [_thread_blocked, id=15107, stack(0x0000000160fbf000,0x00000001610bf000)]
  0x00007fa27c806000 JavaThread "Reference Handler" daemon [_thread_blocked, id=14851, stack(0x0000000160ebc000,0x0000000160fbc000)]
  0x00007fa27c001000 JavaThread "main" [_thread_blocked, id=5891, stack(0x0000000104dfe000,0x0000000104efe000)]

Other Threads:
  0x00007fa27d043800 VMThread [stack: 0x0000000160db9000,0x0000000160eb9000] [id=14595]
  0x00007fa27c80f000 WatcherThread [stack: 0x0000000161610000,0x0000000161710000] [id=20227]

VM state:not at safepoint (normal execution)

VM Mutex/Monitor currently owned by a thread: None

Heap
 PSYoungGen      total 23488K, used 10014K [0x0000000141ab0000, 0x0000000144560000, 0x000000015beb0000)
  eden space 20160K, 33% used [0x0000000141ab0000,0x0000000142138d10,0x0000000142e60000)
  from space 3328K, 99% used [0x0000000142e60000,0x000000014319eca8,0x00000001431a0000)
  to   space 3328K, 0% used [0x0000000144220000,0x0000000144220000,0x0000000144560000)
 ParOldGen       total 53760K, used 7414K [0x000000010d2b0000, 0x0000000110730000, 0x0000000141ab0000)
  object space 53760K, 13% used [0x000000010d2b0000,0x000000010d9edac0,0x0000000110730000)
 PSPermGen       total 22400K, used 22226K [0x00000001080b0000, 0x0000000109690000, 0x000000010d2b0000)
  object space 22400K, 99% used [0x00000001080b0000,0x00000001096649e0,0x0000000109690000)

Card table byte_map: [0x000000015beb0000,0x000000015c150000] byte_map_base: 0x000000015b66fa80

Polling page: 0x0000000104f3d000

Code Cache  [0x0000000104fd3000, 0x0000000105243000, 0x0000000107fd3000)
 total_blobs=895 nmethods=314 adapters=533 free_code_cache=47849Kb largest_free_block=48970880

Compilation events (10 events):
Event: 26.909 Thread 0x00007fa27c810000  327             com.sun.javafx.css.StyleHelper$CacheEntry::access$1100 (6 bytes)
Event: 26.917 Thread 0x00007fa27c810000 nmethod 327 0x0000000105091f10 code [0x00000001050920c0, 0x0000000105092658]
Event: 26.917 Thread 0x00007fa27c810000  328             com.sun.javafx.css.StyleHelper$CacheEntry::get (77 bytes)
Event: 26.926 Thread 0x00007fa27c810000 nmethod 328 0x000000010511e3d0 code [0x000000010511e580, 0x000000010511eb18]
Event: 26.926 Thread 0x00007fa27c810000  329             java.util.Arrays::equals (55 bytes)
Event: 26.928 Thread 0x00007fa27c810000 nmethod 329 0x0000000105092d10 code [0x0000000105092e60, 0x0000000105092ff8]
Event: 26.928 Thread 0x00007fa27c810000  330             java.lang.String::isEmpty (14 bytes)
Event: 26.929 Thread 0x00007fa27c810000 nmethod 330 0x0000000105117310 code [0x0000000105117440, 0x00000001051174b8]
Event: 26.929 Thread 0x00007fa27c810000  331             javafx.beans.property.DoublePropertyBase::get (29 bytes)
Event: 26.930 Thread 0x00007fa27c810000 nmethod 331 0x000000010511f090 code [0x000000010511f1e0, 0x000000010511f2a8]

GC Heap History (6 events):
Event: 0.854 GC heap before
{Heap before GC invocations=1 (full 0):
 PSYoungGen      total 23488K, used 20160K [0x0000000141ab0000, 0x00000001434e0000, 0x000000015beb0000)
  eden space 20160K, 100% used [0x0000000141ab0000,0x0000000142e60000,0x0000000142e60000)
  from space 3328K, 0% used [0x00000001431a0000,0x00000001431a0000,0x00000001434e0000)
  to   space 3328K, 0% used [0x0000000142e60000,0x0000000142e60000,0x00000001431a0000)
 ParOldGen       total 53760K, used 0K [0x000000010d2b0000, 0x0000000110730000, 0x0000000141ab0000)
  object space 53760K, 0% used [0x000000010d2b0000,0x000000010d2b0000,0x0000000110730000)
 PSPermGen       total 21248K, used 10606K [0x00000001080b0000, 0x0000000109570000, 0x000000010d2b0000)
  object space 21248K, 49% used [0x00000001080b0000,0x0000000108b0baa8,0x0000000109570000)
Event: 0.863 GC heap after
Heap after GC invocations=1 (full 0):
 PSYoungGen      total 23488K, used 3306K [0x0000000141ab0000, 0x0000000144890000, 0x000000015beb0000)
  eden space 20160K, 0% used [0x0000000141ab0000,0x0000000141ab0000,0x0000000142e60000)
  from space 3328K, 99% used [0x0000000142e60000,0x000000014319a838,0x00000001431a0000)
  to   space 3328K, 0% used [0x0000000144550000,0x0000000144550000,0x0000000144890000)
 ParOldGen       total 53760K, used 637K [0x000000010d2b0000, 0x0000000110730000, 0x0000000141ab0000)
  object space 53760K, 1% used [0x000000010d2b0000,0x000000010d34f7d8,0x0000000110730000)
 PSPermGen       total 21248K, used 10606K [0x00000001080b0000, 0x0000000109570000, 0x000000010d2b0000)
  object space 21248K, 49% used [0x00000001080b0000,0x0000000108b0baa8,0x0000000109570000)
}
Event: 5.893 GC heap before
{Heap before GC invocations=2 (full 0):
 PSYoungGen      total 23488K, used 23466K [0x0000000141ab0000, 0x0000000144890000, 0x000000015beb0000)
  eden space 20160K, 100% used [0x0000000141ab0000,0x0000000142e60000,0x0000000142e60000)
  from space 3328K, 99% used [0x0000000142e60000,0x000000014319a838,0x00000001431a0000)
  to   space 3328K, 0% used [0x0000000144550000,0x0000000144550000,0x0000000144890000)
 ParOldGen       total 53760K, used 637K [0x000000010d2b0000, 0x0000000110730000, 0x0000000141ab0000)
  object space 53760K, 1% used [0x000000010d2b0000,0x000000010d34f7d8,0x0000000110730000)
 PSPermGen       total 21248K, used 17362K [0x00000001080b0000, 0x0000000109570000, 0x000000010d2b0000)
  object space 21248K, 81% used [0x00000001080b0000,0x00000001091a48a8,0x0000000109570000)
Event: 5.905 GC heap after
Heap after GC invocations=2 (full 0):
 PSYoungGen      total 23488K, used 3322K [0x0000000141ab0000, 0x0000000144890000, 0x000000015beb0000)
  eden space 20160K, 0% used [0x0000000141ab0000,0x0000000141ab0000,0x0000000142e60000)
  from space 3328K, 99% used [0x0000000144550000,0x000000014488e868,0x0000000144890000)
  to   space 3328K, 0% used [0x0000000142e60000,0x0000000142e60000,0x00000001431a0000)
 ParOldGen       total 53760K, used 3728K [0x000000010d2b0000, 0x0000000110730000, 0x0000000141ab0000)
  object space 53760K, 6% used [0x000000010d2b0000,0x000000010d654390,0x0000000110730000)
 PSPermGen       total 21248K, used 17362K [0x00000001080b0000, 0x0000000109570000, 0x000000010d2b0000)
  object space 21248K, 81% used [0x00000001080b0000,0x00000001091a48a8,0x0000000109570000)
}
Event: 8.578 GC heap before
{Heap before GC invocations=3 (full 0):
 PSYoungGen      total 23488K, used 23482K [0x0000000141ab0000, 0x0000000144890000, 0x000000015beb0000)
  eden space 20160K, 100% used [0x0000000141ab0000,0x0000000142e60000,0x0000000142e60000)
  from space 3328K, 99% used [0x0000000144550000,0x000000014488e868,0x0000000144890000)
  to   space 3328K, 0% used [0x0000000142e60000,0x0000000142e60000,0x00000001431a0000)
 ParOldGen       total 53760K, used 3728K [0x000000010d2b0000, 0x0000000110730000, 0x0000000141ab0000)
  object space 53760K, 6% used [0x000000010d2b0000,0x000000010d654390,0x0000000110730000)
 PSPermGen       total 21632K, used 21520K [0x00000001080b0000, 0x00000001095d0000, 0x000000010d2b0000)
  object space 21632K, 99% used [0x00000001080b0000,0x00000001095b4088,0x00000001095d0000)
Event: 8.623 GC heap after
Heap after GC invocations=3 (full 0):
 PSYoungGen      total 23488K, used 3323K [0x0000000141ab0000, 0x0000000144560000, 0x000000015beb0000)
  eden space 20160K, 0% used [0x0000000141ab0000,0x0000000141ab0000,0x0000000142e60000)
  from space 3328K, 99% used [0x0000000142e60000,0x000000014319eca8,0x00000001431a0000)
  to   space 3328K, 0% used [0x0000000144220000,0x0000000144220000,0x0000000144560000)
 ParOldGen       total 53760K, used 7414K [0x000000010d2b0000, 0x0000000110730000, 0x0000000141ab0000)
  object space 53760K, 13% used [0x000000010d2b0000,0x000000010d9edac0,0x0000000110730000)
 PSPermGen       total 21632K, used 21520K [0x00000001080b0000, 0x00000001095d0000, 0x000000010d2b0000)
  object space 21632K, 99% used [0x00000001080b0000,0x00000001095b4088,0x00000001095d0000)
}

Deoptimization events (10 events):
Event: 6.335 Thread 0x00007fa27b168800 Uncommon trap -34 fr.pc 0x0000000105060288
Event: 6.335 Thread 0x00007fa27b168800 Uncommon trap -34 fr.pc 0x0000000105060288
Event: 6.335 Thread 0x00007fa27b168800 Uncommon trap -34 fr.pc 0x0000000105060288
Event: 6.382 Thread 0x00007fa27b168800 Uncommon trap -12 fr.pc 0x00000001050956a8
Event: 6.405 Thread 0x00007fa27b168800 Uncommon trap -34 fr.pc 0x00000001050a4340
Event: 6.406 Thread 0x00007fa27b168800 Uncommon trap -34 fr.pc 0x00000001050a4340
Event: 6.407 Thread 0x00007fa27b168800 Uncommon trap -34 fr.pc 0x00000001050a4340
Event: 6.407 Thread 0x00007fa27b168800 Uncommon trap -34 fr.pc 0x00000001050a4340
Event: 26.844 Thread 0x00007fa27b168800 Uncommon trap -34 fr.pc 0x0000000105095e74
Event: 26.844 Thread 0x00007fa27b168800 Uncommon trap -83 fr.pc 0x000000010509622c

Internal exceptions (10 events):
Event: 6.149 Thread 0x00007fa27b168800 Threw 0x00000001420b9608 at /HUDSON/workspace/jdk7u21-2-build-macosx-amd64-product/jdk7u21/hotspot/src/share/vm/prims/jvm.cpp:1166
Event: 6.157 Thread 0x00007fa27b168800 Threw 0x0000000142120ed8 at /HUDSON/workspace/jdk7u21-2-build-macosx-amd64-product/jdk7u21/hotspot/src/share/vm/prims/jvm.cpp:1166
Event: 6.157 Thread 0x00007fa27b168800 Threw 0x0000000142122130 at /HUDSON/workspace/jdk7u21-2-build-macosx-amd64-product/jdk7u21/hotspot/src/share/vm/prims/jvm.cpp:1166
Event: 6.157 Thread 0x00007fa27b168800 Threw 0x00000001421234f0 at /HUDSON/workspace/jdk7u21-2-build-macosx-amd64-product/jdk7u21/hotspot/src/share/vm/prims/jvm.cpp:1166
Event: 6.157 Thread 0x00007fa27b168800 Threw 0x0000000142124bc0 at /HUDSON/workspace/jdk7u21-2-build-macosx-amd64-product/jdk7u21/hotspot/src/share/vm/prims/jvm.cpp:1166
Event: 6.164 Thread 0x00007fa27b168800 Threw 0x000000014217b548 at /HUDSON/workspace/jdk7u21-2-build-macosx-amd64-product/jdk7u21/hotspot/src/share/vm/interpreter/interpr
Event: 6.316 Thread 0x00007fa27b168800 Threw 0x00000001427b6fc8 at /HUDSON/workspace/jdk7u21-2-build-macosx-amd64-product/jdk7u21/hotspot/src/share/vm/prims/jvm.cpp:1166
Event: 6.317 Thread 0x00007fa27b168800 Threw 0x00000001427c1d18 at /HUDSON/workspace/jdk7u21-2-build-macosx-amd64-product/jdk7u21/hotspot/src/share/vm/prims/jvm.cpp:1166
Event: 6.317 Thread 0x00007fa27b168800 Threw 0x00000001427c68d8 at /HUDSON/workspace/jdk7u21-2-build-macosx-amd64-product/jdk7u21/hotspot/src/share/vm/prims/jvm.cpp:1166
Event: 6.382 Thread 0x00007fa27b168800 Implicit null exception at 0x000000010509312a to 0x00000001050955e5

Events (10 events):
Event: 26.871 loading class 0x00007fa27b89b020
Event: 26.871 loading class 0x00007fa27b89b020 done
Event: 26.871 loading class 0x00007fa27b8bf980
Event: 26.871 loading class 0x00007fa27b8bf980 done
Event: 26.872 loading class 0x00007fa27b8bf360
Event: 26.872 loading class 0x00007fa27b8bf360 done
Event: 26.874 loading class 0x00007fa27f23b030
Event: 26.874 loading class 0x00007fa27f23b030 done
Event: 26.874 loading class 0x00007fa27b8c1160
Event: 26.874 loading class 0x00007fa27b8c1160 done


Dynamic libraries:
0x00000000024e5000 	/System/Library/Frameworks/Cocoa.framework/Versions/A/Cocoa
0x00000000024e5000 	/System/Library/Frameworks/Security.framework/Versions/A/Security
0x00000000024e5000 	/System/Library/Frameworks/ApplicationServices.framework/Versions/A/ApplicationServices
0x00000000024e5000 	/usr/lib/libz.1.dylib
0x00000000024e5000 	/usr/lib/libSystem.B.dylib
0x00000000024e5000 	/usr/lib/libobjc.A.dylib
0x00000000024e5000 	/System/Library/Frameworks/CoreFoundation.framework/Versions/A/CoreFoundation
0x00000000024e5000 	/System/Library/Frameworks/AppKit.framework/Versions/C/AppKit
0x00000000024e5000 	/System/Library/Frameworks/CoreData.framework/Versions/A/CoreData
0x00000000024e5000 	/System/Library/Frameworks/Foundation.framework/Versions/C/Foundation
0x00000000024e5000 	/System/Library/PrivateFrameworks/RemoteViewServices.framework/Versions/A/RemoteViewServices
0x00000000024e5000 	/System/Library/Frameworks/AudioToolbox.framework/Versions/A/AudioToolbox
0x00000000024e5000 	/System/Library/Frameworks/AudioUnit.framework/Versions/A/AudioUnit
0x00000000024e5000 	/System/Library/PrivateFrameworks/DataDetectorsCore.framework/Versions/A/DataDetectorsCore
0x00000000024e5000 	/System/Library/PrivateFrameworks/DesktopServicesPriv.framework/Versions/A/DesktopServicesPriv
0x00000000024e5000 	/System/Library/Frameworks/Carbon.framework/Versions/A/Frameworks/HIToolbox.framework/Versions/A/HIToolbox
0x00000000024e5000 	/System/Library/Frameworks/QuartzCore.framework/Versions/A/QuartzCore
0x00000000024e5000 	/System/Library/Frameworks/Carbon.framework/Versions/A/Frameworks/SpeechRecognition.framework/Versions/A/SpeechRecognition
0x00000000024e5000 	/usr/lib/libauto.dylib
0x00000000024e5000 	/usr/lib/libicucore.A.dylib
0x00000000024e5000 	/usr/lib/libxml2.2.dylib
0x00000000024e5000 	/System/Library/PrivateFrameworks/CoreUI.framework/Versions/A/CoreUI
0x00000000024e5000 	/System/Library/Frameworks/CoreAudio.framework/Versions/A/CoreAudio
0x00000000024e5000 	/System/Library/Frameworks/DiskArbitration.framework/Versions/A/DiskArbitration
0x00000000024e5000 	/usr/lib/liblangid.dylib
0x00000000024e5000 	/System/Library/PrivateFrameworks/MultitouchSupport.framework/Versions/A/MultitouchSupport
0x00000000024e5000 	/System/Library/Frameworks/IOKit.framework/Versions/A/IOKit
0x00000000024e5000 	/usr/lib/libDiagnosticMessagesClient.dylib
0x00000000024e5000 	/System/Library/Frameworks/CoreServices.framework/Versions/A/CoreServices
0x00000000024e5000 	/System/Library/PrivateFrameworks/PerformanceAnalysis.framework/Versions/A/PerformanceAnalysis
0x00000000024e5000 	/System/Library/PrivateFrameworks/GenerationalStorage.framework/Versions/A/GenerationalStorage
0x00000000024e5000 	/System/Library/Frameworks/OpenGL.framework/Versions/A/OpenGL
0x00000000024e5000 	/System/Library/Frameworks/CoreText.framework/Versions/A/CoreText
0x00000000024e5000 	/System/Library/Frameworks/ImageIO.framework/Versions/A/ImageIO
0x00000000024e5000 	/System/Library/PrivateFrameworks/Backup.framework/Versions/A/Backup
0x00000000024e5000 	/System/Library/Frameworks/CFNetwork.framework/Versions/A/CFNetwork
0x00000000024e5000 	/System/Library/Frameworks/SystemConfiguration.framework/Versions/A/SystemConfiguration
0x00000000024e5000 	/usr/lib/libCRFSuite.dylib
0x00000000024e5000 	/System/Library/PrivateFrameworks/TCC.framework/Versions/A/TCC
0x00000000024e5000 	/usr/lib/libc++.1.dylib
0x00000000024e5000 	/usr/lib/libc++abi.dylib
0x00000000024e5000 	/usr/lib/system/libcache.dylib
0x00000000024e5000 	/usr/lib/system/libcommonCrypto.dylib
0x00000000024e5000 	/usr/lib/system/libcompiler_rt.dylib
0x00000000024e5000 	/usr/lib/system/libcopyfile.dylib
0x00000000024e5000 	/usr/lib/system/libdispatch.dylib
0x00000000024e5000 	/usr/lib/system/libdnsinfo.dylib
0x00000000024e5000 	/usr/lib/system/libdyld.dylib
0x00000000024e5000 	/usr/lib/system/libkeymgr.dylib
0x00000000024e5000 	/usr/lib/system/liblaunch.dylib
0x00000000024e5000 	/usr/lib/system/libmacho.dylib
0x00000000024e5000 	/usr/lib/system/libquarantine.dylib
0x00000000024e5000 	/usr/lib/system/libremovefile.dylib
0x00000000024e5000 	/usr/lib/system/libsystem_blocks.dylib
0x00000000024e5000 	/usr/lib/system/libsystem_c.dylib
0x00000000024e5000 	/usr/lib/system/libsystem_dnssd.dylib
0x00000000024e5000 	/usr/lib/system/libsystem_info.dylib
0x00000000024e5000 	/usr/lib/system/libsystem_kernel.dylib
0x00000000024e5000 	/usr/lib/system/libsystem_m.dylib
0x00000000024e5000 	/usr/lib/system/libsystem_network.dylib
0x00000000024e5000 	/usr/lib/system/libsystem_notify.dylib
0x00000000024e5000 	/usr/lib/system/libsystem_sandbox.dylib
0x00000000024e5000 	/usr/lib/system/libunc.dylib
0x00000000024e5000 	/usr/lib/system/libunwind.dylib
0x00000000024e5000 	/usr/lib/system/libxpc.dylib
0x00000000024e5000 	/usr/lib/system/libcorecrypto.dylib
0x00000000024e5000 	/usr/lib/libstdc++.6.dylib
0x00000000024e5000 	/usr/lib/libbsm.0.dylib
0x00000000024e5000 	/usr/lib/libsqlite3.dylib
0x00000000024e5000 	/usr/lib/libxar.1.dylib
0x00000000024e5000 	/usr/lib/libpam.2.dylib
0x00000000024e5000 	/usr/lib/libOpenScriptingUtil.dylib
0x00000000024e5000 	/usr/lib/libbz2.1.0.dylib
0x00000000024e5000 	/System/Library/Frameworks/CoreServices.framework/Versions/A/Frameworks/CarbonCore.framework/Versions/A/CarbonCore
0x00000000024e5000 	/System/Library/Frameworks/CoreServices.framework/Versions/A/Frameworks/Metadata.framework/Versions/A/Metadata
0x00000000024e5000 	/System/Library/Frameworks/CoreServices.framework/Versions/A/Frameworks/OSServices.framework/Versions/A/OSServices
0x00000000024e5000 	/System/Library/Frameworks/CoreServices.framework/Versions/A/Frameworks/SearchKit.framework/Versions/A/SearchKit
0x00000000024e5000 	/System/Library/Frameworks/CoreServices.framework/Versions/A/Frameworks/AE.framework/Versions/A/AE
0x00000000024e5000 	/System/Library/Frameworks/CoreServices.framework/Versions/A/Frameworks/LaunchServices.framework/Versions/A/LaunchServices
0x00000000024e5000 	/System/Library/Frameworks/CoreServices.framework/Versions/A/Frameworks/DictionaryServices.framework/Versions/A/DictionaryServices
0x00000000024e5000 	/System/Library/Frameworks/NetFS.framework/Versions/A/NetFS
0x00000000024e5000 	/usr/lib/system/libkxld.dylib
0x00000000024e5000 	/System/Library/PrivateFrameworks/NetAuth.framework/Versions/A/NetAuth
0x00000000024e5000 	/System/Library/Frameworks/OpenDirectory.framework/Versions/A/Frameworks/CFOpenDirectory.framework/Versions/A/CFOpenDirectory
0x00000000024e5000 	/usr/lib/libxslt.1.dylib
0x00000000024e5000 	/System/Library/PrivateFrameworks/FamilyControls.framework/Versions/A/FamilyControls
0x00000000024e5000 	/System/Library/Frameworks/Carbon.framework/Versions/A/Frameworks/Ink.framework/Versions/A/Ink
0x00000000024e5000 	/System/Library/Frameworks/ApplicationServices.framework/Versions/A/Frameworks/CoreGraphics.framework/Versions/A/CoreGraphics
0x00000000024e5000 	/System/Library/Frameworks/ApplicationServices.framework/Versions/A/Frameworks/ATS.framework/Versions/A/ATS
0x00000000024e5000 	/System/Library/Frameworks/ApplicationServices.framework/Versions/A/Frameworks/ColorSync.framework/Versions/A/ColorSync
0x00000000024e5000 	/System/Library/Frameworks/ApplicationServices.framework/Versions/A/Frameworks/HIServices.framework/Versions/A/HIServices
0x00000000024e5000 	/System/Library/Frameworks/ApplicationServices.framework/Versions/A/Frameworks/LangAnalysis.framework/Versions/A/LangAnalysis
0x00000000024e5000 	/System/Library/Frameworks/ApplicationServices.framework/Versions/A/Frameworks/PrintCore.framework/Versions/A/PrintCore
0x00000000024e5000 	/System/Library/Frameworks/ApplicationServices.framework/Versions/A/Frameworks/QD.framework/Versions/A/QD
0x00000000024e5000 	/System/Library/Frameworks/ApplicationServices.framework/Versions/A/Frameworks/SpeechSynthesis.framework/Versions/A/SpeechSynthesis
0x00000000024e5000 	/System/Library/Frameworks/IOSurface.framework/Versions/A/IOSurface
0x00000000024e5000 	/System/Library/Frameworks/Accelerate.framework/Versions/A/Accelerate
0x00000000024e5000 	/System/Library/Frameworks/ApplicationServices.framework/Versions/A/Frameworks/ATS.framework/Versions/A/Resources/libFontParser.dylib
0x00000000024e5000 	/System/Library/Frameworks/ApplicationServices.framework/Versions/A/Frameworks/ATS.framework/Versions/A/Resources/libFontRegistry.dylib
0x00000000024e5000 	/System/Library/Frameworks/Accelerate.framework/Versions/A/Frameworks/vImage.framework/Versions/A/vImage
0x00000000024e5000 	/System/Library/Frameworks/Accelerate.framework/Versions/A/Frameworks/vecLib.framework/Versions/A/vecLib
0x00000000024e5000 	/System/Library/Frameworks/Accelerate.framework/Versions/A/Frameworks/vecLib.framework/Versions/A/libvDSP.dylib
0x00000000024e5000 	/System/Library/Frameworks/Accelerate.framework/Versions/A/Frameworks/vecLib.framework/Versions/A/libvMisc.dylib
0x00000000024e5000 	/System/Library/Frameworks/Accelerate.framework/Versions/A/Frameworks/vecLib.framework/Versions/A/libLAPACK.dylib
0x00000000024e5000 	/System/Library/Frameworks/Accelerate.framework/Versions/A/Frameworks/vecLib.framework/Versions/A/libBLAS.dylib
0x00000000024e5000 	/System/Library/Frameworks/ImageIO.framework/Versions/A/Resources/libJPEG.dylib
0x00000000024e5000 	/System/Library/Frameworks/ImageIO.framework/Versions/A/Resources/libTIFF.dylib
0x00000000024e5000 	/System/Library/Frameworks/ImageIO.framework/Versions/A/Resources/libPng.dylib
0x00000000024e5000 	/System/Library/Frameworks/ImageIO.framework/Versions/A/Resources/libGIF.dylib
0x00000000024e5000 	/System/Library/Frameworks/ImageIO.framework/Versions/A/Resources/libJP2.dylib
0x00000000024e5000 	/System/Library/Frameworks/ImageIO.framework/Versions/A/Resources/libRadiance.dylib
0x00000000024e5000 	/usr/lib/libcups.2.dylib
0x00000000024e5000 	/System/Library/Frameworks/Kerberos.framework/Versions/A/Kerberos
0x00000000024e5000 	/System/Library/Frameworks/GSS.framework/Versions/A/GSS
0x00000000024e5000 	/usr/lib/libresolv.9.dylib
0x00000000024e5000 	/usr/lib/libiconv.2.dylib
0x00000000024e5000 	/System/Library/PrivateFrameworks/Heimdal.framework/Versions/A/Heimdal
0x00000000024e5000 	/System/Library/PrivateFrameworks/TrustEvaluationAgent.framework/Versions/A/TrustEvaluationAgent
0x00000000024e5000 	/System/Library/Frameworks/OpenDirectory.framework/Versions/A/OpenDirectory
0x00000000024e5000 	/System/Library/PrivateFrameworks/CommonAuth.framework/Versions/A/CommonAuth
0x00000000024e5000 	/System/Library/PrivateFrameworks/Bom.framework/Versions/A/Bom
0x00000000024e5000 	/System/Library/Frameworks/CoreVideo.framework/Versions/A/CoreVideo
0x00000000024e5000 	/System/Library/Frameworks/QuartzCore.framework/Versions/A/Frameworks/CoreImage.framework/Versions/A/CoreImage
0x00000000024e5000 	/System/Library/Frameworks/QuartzCore.framework/Versions/A/Frameworks/ScalableUserInterface.framework/Versions/A/ScalableUserInterface
0x00000000024e5000 	/System/Library/Frameworks/OpenGL.framework/Versions/A/Libraries/libGLU.dylib
0x00000000024e5000 	/System/Library/Frameworks/OpenGL.framework/Versions/A/Libraries/libGFXShared.dylib
0x00000000024e5000 	/System/Library/Frameworks/OpenGL.framework/Versions/A/Libraries/libGL.dylib
0x00000000024e5000 	/System/Library/Frameworks/OpenGL.framework/Versions/A/Libraries/libGLImage.dylib
0x00000000024e5000 	/System/Library/Frameworks/OpenGL.framework/Versions/A/Libraries/libCVMSPluginSupport.dylib
0x00000000024e5000 	/System/Library/Frameworks/OpenGL.framework/Versions/A/Libraries/libCoreVMClient.dylib
0x00000000024e5000 	/System/Library/PrivateFrameworks/CrashReporterSupport.framework/Versions/A/CrashReporterSupport
0x00000000024e5000 	/System/Library/Frameworks/OpenCL.framework/Versions/A/OpenCL
0x00000000024e5000 	/System/Library/PrivateFrameworks/FaceCoreLight.framework/Versions/A/FaceCoreLight
0x00000000024e5000 	/System/Library/PrivateFrameworks/AppleFSCompression.framework/Versions/A/AppleFSCompression
0x00000000024e5000 	/System/Library/PrivateFrameworks/Ubiquity.framework/Versions/A/Ubiquity
0x00000000024e5000 	/System/Library/Frameworks/ServiceManagement.framework/Versions/A/ServiceManagement
0x00000000024e5000 	/System/Library/PrivateFrameworks/ChunkingLibrary.framework/Versions/A/ChunkingLibrary
0x00000000024e5000 	/System/Library/Frameworks/vecLib.framework/Versions/A/vecLib
0x00000000024e5000 	/System/Library/Frameworks/SecurityFoundation.framework/Versions/A/SecurityFoundation
0x00000000024e5000 	/System/Library/PrivateFrameworks/CommerceKit.framework/Versions/A/Frameworks/CommerceCore.framework/Versions/A/CommerceCore
0x00000000024e5000 	/System/Library/PrivateFrameworks/CoreSymbolication.framework/Versions/A/CoreSymbolication
0x00000000024e5000 	/System/Library/PrivateFrameworks/Symbolication.framework/Versions/A/Symbolication
0x00000000024e5000 	/System/Library/PrivateFrameworks/DebugSymbols.framework/Versions/A/DebugSymbols
0x0000000104354000 	/Library/Java/JavaVirtualMachines/jdk1.7.0_21.jdk/Contents/Home/jre/lib/server/libjvm.dylib
0x0000000104f00000 	/Library/Java/JavaVirtualMachines/jdk1.7.0_21.jdk/Contents/Home/jre/lib/libverify.dylib
0x0000000104f0d000 	/Library/Java/JavaVirtualMachines/jdk1.7.0_21.jdk/Contents/Home/jre/lib/libjava.dylib
0x0000000104fca000 	/Library/Java/JavaVirtualMachines/jdk1.7.0_21.jdk/Contents/Home/jre/lib/libzip.dylib
0x00000001610c1000 	/System/Library/Frameworks/JavaVM.framework/Frameworks/JavaRuntimeSupport.framework/JavaRuntimeSupport
0x00000001610d9000 	/System/Library/Frameworks/JavaVM.framework/Versions/A/Frameworks/JavaNativeFoundation.framework/Versions/A/JavaNativeFoundation
0x00000001610ee000 	/System/Library/Frameworks/JavaVM.framework/Versions/A/JavaVM
0x00000000024e5000 	/System/Library/Frameworks/Carbon.framework/Versions/A/Carbon
0x0000000108094000 	/System/Library/PrivateFrameworks/JavaLaunching.framework/Versions/A/JavaLaunching
0x00000000024e5000 	/System/Library/Frameworks/Carbon.framework/Versions/A/Frameworks/CommonPanels.framework/Versions/A/CommonPanels
0x00000000024e5000 	/System/Library/Frameworks/Carbon.framework/Versions/A/Frameworks/Help.framework/Versions/A/Help
0x00000000024e5000 	/System/Library/Frameworks/Carbon.framework/Versions/A/Frameworks/ImageCapture.framework/Versions/A/ImageCapture
0x00000000024e5000 	/System/Library/Frameworks/Carbon.framework/Versions/A/Frameworks/OpenScripting.framework/Versions/A/OpenScripting
0x00000000024e5000 	/System/Library/Frameworks/Carbon.framework/Versions/A/Frameworks/Print.framework/Versions/A/Print
0x00000000024e5000 	/System/Library/Frameworks/Carbon.framework/Versions/A/Frameworks/SecurityHI.framework/Versions/A/SecurityHI
0x0000000161a6c000 	/Library/Java/JavaVirtualMachines/jdk1.7.0_21.jdk/Contents/Home/jre/lib/libdeploy.dylib
0x0000000161a92000 	/Library/Java/JavaVirtualMachines/jdk1.7.0_21.jdk/Contents/Home/jre/lib/jli/./libjli.dylib
0x0000000161d04000 	/Library/Java/JavaVirtualMachines/jdk1.7.0_21.jdk/Contents/Home/jre/lib/libprism-es2.dylib
0x0000000161d71000 	/System/Library/Frameworks/OpenGL.framework/Resources/GLEngine.bundle/GLEngine
0x0000000161f66000 	/System/Library/Frameworks/OpenGL.framework/Versions/A/Libraries/libGLProgrammability.dylib
0x000000016210e000 	/System/Library/Extensions/AppleIntelHD3000GraphicsGLDriver.bundle/Contents/MacOS/AppleIntelHD3000GraphicsGLDriver
0x00000001625fa000 	/System/Library/PrivateFrameworks/GPUSupport.framework/Versions/A/Libraries/libGPUSupport.dylib
0x000000016260e000 	/System/Library/Frameworks/OpenGL.framework/Resources//GLRendererFloat.bundle/GLRendererFloat
0x0000000162642000 	/System/Library/Frameworks/OpenCL.framework/Versions/A/Libraries/libcldcpuengine.dylib
0x00000000024e5000 	/System/Library/PrivateFrameworks/DiskImages.framework/Versions/A/DiskImages
0x00000000024e5000 	/System/Library/Frameworks/DiscRecording.framework/Versions/A/DiscRecording
0x00000000024e5000 	/usr/lib/libcurl.4.dylib
0x00000000024e5000 	/System/Library/PrivateFrameworks/MediaKit.framework/Versions/A/MediaKit
0x00000000024e5000 	/usr/lib/libssl.0.9.8.dylib
0x00000000024e5000 	/usr/lib/libcrypto.0.9.8.dylib
0x00000000024e5000 	/System/Library/Frameworks/LDAP.framework/Versions/A/LDAP
0x00000000024e5000 	/usr/lib/libsasl2.2.dylib
0x0000000162a3b000 	/Library/Java/JavaVirtualMachines/jdk1.7.0_21.jdk/Contents/Home/jre/lib/libglass.dylib
0x00000000024e5000 	/System/Library/PrivateFrameworks/CoreServicesInternal.framework/Versions/A/CoreServicesInternal
0x00000000024e5000 	/System/Library/PrivateFrameworks/Librarian.framework/Versions/A/Librarian
0x00000000024e5000 	/System/Library/CoreServices/RawCamera.bundle/Contents/MacOS/RawCamera
0x00000000024e5000 	/System/Library/Frameworks/ApplicationServices.framework/Versions/A/Frameworks/CoreGraphics.framework/Versions/A/Resources/libCSync.A.dylib
0x00000000024e5000 	/System/Library/Frameworks/ApplicationServices.framework/Versions/A/Frameworks/CoreGraphics.framework/Versions/A/Resources/libRIP.A.dylib
0x00000001661b4000 	/Library/Java/JavaVirtualMachines/jdk1.7.0_21.jdk/Contents/Home/jre/lib/libjavafx-font.dylib
0x00000000024e5000 	/System/Library/Frameworks/ApplicationServices.framework/Versions/A/Frameworks/CoreGraphics.framework/Versions/A/Resources/libCGXType.A.dylib
0x00000001642fd000 	cl_kernels
0x0000000166f29000 	/System/Library/Frameworks/OpenCL.framework/Versions/A/Libraries/ImageFormats/unorm8_bgra.dylib
0x0000000164303000 	cl_kernels
0x00000001689ba000 	/Library/Java/JavaVirtualMachines/jdk1.7.0_21.jdk/Contents/Home/jre/lib/libnet.dylib
0x0000000168bd5000 	/Library/Java/JavaVirtualMachines/jdk1.7.0_21.jdk/Contents/Home/jre/lib/libsunec.dylib
0x0000000168d25000 	/Library/Java/JavaVirtualMachines/jdk1.7.0_21.jdk/Contents/Home/jre/lib/libnio.dylib

VM Arguments:
jvm_args: -Dfile.encoding=UTF-8 
java_command: com.javafx.main.Main
Launcher Type: SUN_STANDARD

Environment Variables:
PATH=/usr/bin:/bin:/usr/sbin:/sbin
LD_LIBRARY_PATH=/Library/Java/JavaVirtualMachines/jdk1.7.0_21.jdk/Contents/Home/jre/lib/amd64:/Library/Java/JavaVirtualMachines/jdk1.7.0_21.jdk/Contents/Home/jre/lib/i386:
SHELL=/bin/zsh
DISPLAY=/tmp/launch-yflGLy/org.macosforge.xquartz:0

Signal Handlers:
SIGSEGV: [libjvm.dylib+0x4a4e2d], sa_mask[0]=0xfffefeff, sa_flags=0x00000042
SIGBUS: [libjvm.dylib+0x4a4e2d], sa_mask[0]=0xfffefeff, sa_flags=0x00000042
SIGFPE: [libjvm.dylib+0x3b4729], sa_mask[0]=0xfffefeff, sa_flags=0x00000042
SIGPIPE: [libjvm.dylib+0x3b4729], sa_mask[0]=0xfffefeff, sa_flags=0x00000042
SIGXFSZ: [libjvm.dylib+0x3b4729], sa_mask[0]=0xfffefeff, sa_flags=0x00000042
SIGILL: [libjvm.dylib+0x3b4729], sa_mask[0]=0xfffefeff, sa_flags=0x00000042
SIGUSR1: SIG_DFL, sa_mask[0]=0x00000000, sa_flags=0x00000002
SIGUSR2: [libjvm.dylib+0x3b42c2], sa_mask[0]=0x00000004, sa_flags=0x00000042
SIGHUP: [libjvm.dylib+0x3b2523], sa_mask[0]=0xfffefeff, sa_flags=0x00000042
SIGINT: SIG_IGN, sa_mask[0]=0x00000000, sa_flags=0x00000000
SIGTERM: [libjvm.dylib+0x3b2523], sa_mask[0]=0xfffefeff, sa_flags=0x00000042
SIGQUIT: [libjvm.dylib+0x3b2523], sa_mask[0]=0xfffefeff, sa_flags=0x00000042


---------------  S Y S T E M  ---------------

OS:Bsduname:Darwin 12.3.0 Darwin Kernel Version 12.3.0: Sun Jan  6 22:37:10 PST 2013; root:xnu-2050.22.13~1/RELEASE_X86_64 x86_64
rlimit: STACK 8192k, CORE 0k, NPROC 709, NOFILE 10240, AS infinity
load average:1.04 1.42 1.49

CPU:total 4 (2 cores per cpu, 2 threads per core) family 6 model 42 stepping 7, cmov, cx8, fxsr, mmx, sse, sse2, sse3, ssse3, sse4.1, sse4.2, popcnt, avx, ht, tsc, tscinvbit

Memory: 4k page, physical 5154408k(1288602k free)

/proc/meminfo:


vm_info: Java HotSpot(TM) 64-Bit Server VM (23.21-b01) for bsd-amd64 JRE (1.7.0_21-b12), built on Apr  7 2013 14:55:50 by "java_re" with gcc 4.2.1 (Based on Apple Inc. build 5658) (LLVM build 2336.11.00)

time: Wed Jun  5 16:06:58 2013
elapsed time: 26 seconds

